#
# There is insufficient memory for the Java Runtime Environment to continue.
# Native memory allocation (malloc) failed to allocate 2013456 bytes. Error detail: Chunk::new
# Possible reasons:
#   The system is out of physical RAM or swap space
#   This process is running with CompressedOops enabled, and the Java Heap may be blocking the growth of the native heap
# Possible solutions:
#   Reduce memory load on the system
#   Increase physical memory or swap space
#   Check if swap backing store is full
#   Decrease Java heap size (-Xmx/-Xms)
#   Decrease number of Java threads
#   Decrease Java thread stack sizes (-Xss)
#   Set larger code cache with -XX:ReservedCodeCacheSize=
#   JVM is running with Unscaled Compressed Oops mode in which the Java heap is
#     placed in the first 4GB address space. The Java Heap base address is the
#     maximum limit for the native heap growth. Please use -XX:HeapBaseMinAddress
#     to set the Java Heap base and to place the Java Heap above 4GB virtual address.
# This output file may be truncated or incomplete.
#
#  Out of Memory Error (arena.cpp:149), pid=35380, tid=31008
#
# JRE version: OpenJDK Runtime Environment (23.0.2+7) (build 23.0.2+7-58)
# Java VM: OpenJDK 64-Bit Server VM (23.0.2+7-58, mixed mode, sharing, tiered, compressed oops, compressed class ptrs, g1 gc, windows-amd64)
# No core dump will be written. Minidumps are not enabled by default on client versions of Windows
#

---------------  S U M M A R Y ------------

Command Line: --add-opens=java.base/java.lang=ALL-UNNAMED --add-opens=java.base/java.lang.invoke=ALL-UNNAMED --add-opens=java.base/java.util=ALL-UNNAMED --add-opens=java.prefs/java.util.prefs=ALL-UNNAMED --add-exports=jdk.compiler/com.sun.tools.javac.api=ALL-UNNAMED --add-exports=jdk.compiler/com.sun.tools.javac.util=ALL-UNNAMED --add-opens=java.base/java.util=ALL-UNNAMED --add-opens=java.prefs/java.util.prefs=ALL-UNNAMED --add-opens=java.base/java.nio.charset=ALL-UNNAMED --add-opens=java.base/java.net=ALL-UNNAMED --add-opens=java.base/java.util.concurrent=ALL-UNNAMED --add-opens=java.base/java.util.concurrent.atomic=ALL-UNNAMED --add-opens=java.xml/javax.xml.namespace=ALL-UNNAMED --add-opens=java.base/java.time=ALL-UNNAMED -XX:MaxMetaspaceSize=384m -XX:+HeapDumpOnOutOfMemoryError -Xms256m -Xmx512m -Dfile.encoding=UTF-8 -Duser.country=RU -Duser.language=ru -Duser.variant -javaagent:C:\Users\Koliasik\.gradle\wrapper\dists\gradle-9.4.1-bin\arn2x92ynaizyzdaamcbpbhtj\gradle-9.4.1\lib\agents\gradle-instrumentation-agent-9.4.1.jar org.gradle.launcher.daemon.bootstrap.GradleDaemon 9.4.1

Host: AMD Ryzen 5 4600H with Radeon Graphics         , 12 cores, 7G,  Windows 11 , 64 bit Build 26100 (10.0.26100.8246)
Time: Mon May  4 18:58:26 2026 RTZ 2 (s 11 , 64 bit Build 26100 (10.0.26100.8246) elapsed time: 70.631546 seconds (0d 0h 1m 10s)

---------------  T H R E A D  ---------------

Current thread (0x000001f03a2a7590):  JavaThread "C2 CompilerThread1" daemon [_thread_in_native, id=31008, stack(0x0000005036700000,0x0000005036800000) (1024K)]


Current CompileTask:
C2:70647 5550   !   4       java.lang.ClassLoader::loadClass (121 bytes)

Stack: [0x0000005036700000,0x0000005036800000]
Native frames: (J=compiled Java code, j=interpreted, Vv=VM code, C=native code)
V  [jvm.dll+0x6e0b99]  (no source info available)
V  [jvm.dll+0x87e2b3]  (no source info available)
V  [jvm.dll+0x88073e]  (no source info available)
V  [jvm.dll+0x880e13]  (no source info available)
V  [jvm.dll+0x27b006]  (no source info available)
V  [jvm.dll+0xbc06f]  (no source info available)
V  [jvm.dll+0xbc2cb]  (no source info available)
V  [jvm.dll+0x3b3c5c]  (no source info available)
V  [jvm.dll+0x1dc4ae]  (no source info available)
V  [jvm.dll+0x244ce5]  (no source info available)
V  [jvm.dll+0x243eff]  (no source info available)
V  [jvm.dll+0x1c34b0]  (no source info available)
V  [jvm.dll+0x253df1]  (no source info available)
V  [jvm.dll+0x2520aa]  (no source info available)
V  [jvm.dll+0x3ee226]  (no source info available)
V  [jvm.dll+0x8254cb]  (no source info available)
V  [jvm.dll+0x6df345]  (no source info available)
C  [ucrtbase.dll+0x37b0]  (no source info available)
C  [KERNEL32.DLL+0x2e8d7]  (no source info available)
C  [ntdll.dll+0x8c3fc]  (no source info available)

Lock stack of current Java thread (top to bottom):


---------------  P R O C E S S  ---------------

Threads class SMR info:
_java_thread_list=0x000001f057e6d690, length=46, elements={
0x000001f01ee61420, 0x000001f03a28b1b0, 0x000001f03a28bc10, 0x000001f03a291760,
0x000001f03a293ef0, 0x000001f03a29c960, 0x000001f03a29e0e0, 0x000001f03a2a3470,
0x000001f03a2a4cb0, 0x000001f03a369a80, 0x000001f03a5691c0, 0x000001f054efbb40,
0x000001f0557e9db0, 0x000001f0557d1050, 0x000001f054ed7d50, 0x000001f0541bb2e0,
0x000001f03a495230, 0x000001f03a2ff780, 0x000001f0541f4740, 0x000001f0541f2d00,
0x000001f0541f3390, 0x000001f0541f12c0, 0x000001f0541f1950, 0x000001f0541f2670,
0x000001f059ddb4d0, 0x000001f059ddae40, 0x000001f059dd9a90, 0x000001f059dda120,
0x000001f059dda7b0, 0x000001f059ddbb60, 0x000001f059ddc1f0, 0x000001f059dd8d70,
0x000001f056876410, 0x000001f0568784e0, 0x000001f0568777c0, 0x000001f056875d80,
0x000001f056876aa0, 0x000001f056877130, 0x000001f056875060, 0x000001f056878b70,
0x000001f0568756f0, 0x000001f05687b2d0, 0x000001f05687b960, 0x000001f056879890,
0x000001f03a2a7590, 0x000001f03a2a5a50
}

Java Threads: ( => current thread )
  0x000001f01ee61420 JavaThread "main"                              [_thread_blocked, id=11464, stack(0x0000005032900000,0x0000005032a00000) (1024K)]
  0x000001f03a28b1b0 JavaThread "Reference Handler"          daemon [_thread_blocked, id=33460, stack(0x0000005033100000,0x0000005033200000) (1024K)]
  0x000001f03a28bc10 JavaThread "Finalizer"                  daemon [_thread_blocked, id=35640, stack(0x0000005033200000,0x0000005033300000) (1024K)]
  0x000001f03a291760 JavaThread "Signal Dispatcher"          daemon [_thread_blocked, id=35916, stack(0x0000005033300000,0x0000005033400000) (1024K)]
  0x000001f03a293ef0 JavaThread "Attach Listener"            daemon [_thread_blocked, id=6316, stack(0x0000005033400000,0x0000005033500000) (1024K)]
  0x000001f03a29c960 JavaThread "Service Thread"             daemon [_thread_blocked, id=20016, stack(0x0000005033500000,0x0000005033600000) (1024K)]
  0x000001f03a29e0e0 JavaThread "Monitor Deflation Thread"   daemon [_thread_blocked, id=23280, stack(0x0000005033600000,0x0000005033700000) (1024K)]
  0x000001f03a2a3470 JavaThread "C2 CompilerThread0"         daemon [_thread_blocked, id=14612, stack(0x0000005033700000,0x0000005033800000) (1024K)]
  0x000001f03a2a4cb0 JavaThread "C1 CompilerThread0"         daemon [_thread_blocked, id=9952, stack(0x0000005033800000,0x0000005033900000) (1024K)]
  0x000001f03a369a80 JavaThread "Common-Cleaner"             daemon [_thread_blocked, id=37180, stack(0x0000005033900000,0x0000005033a00000) (1024K)]
  0x000001f03a5691c0 JavaThread "Notification Thread"        daemon [_thread_blocked, id=33936, stack(0x0000005033a00000,0x0000005033b00000) (1024K)]
  0x000001f054efbb40 JavaThread "Daemon health stats"               [_thread_blocked, id=34500, stack(0x0000005034000000,0x0000005034100000) (1024K)]
  0x000001f0557e9db0 JavaThread "Incoming local TCP Connector on port 51942"        [_thread_in_native, id=32076, stack(0x0000005034100000,0x0000005034200000) (1024K)]
  0x000001f0557d1050 JavaThread "Daemon periodic checks"            [_thread_blocked, id=20396, stack(0x0000005034200000,0x0000005034300000) (1024K)]
  0x000001f054ed7d50 JavaThread "Daemon"                            [_thread_blocked, id=14596, stack(0x0000005034300000,0x0000005034400000) (1024K)]
  0x000001f0541bb2e0 JavaThread "Handler for socket connection from /127.0.0.1:51942 to /127.0.0.1:51943"        [_thread_in_native, id=2684, stack(0x0000005034400000,0x0000005034500000) (1024K)]
  0x000001f03a495230 JavaThread "Cancel handler"                    [_thread_blocked, id=31228, stack(0x0000005034500000,0x0000005034600000) (1024K)]
  0x000001f03a2ff780 JavaThread "Daemon worker"                     [_thread_in_native, id=12780, stack(0x0000005034600000,0x0000005034700000) (1024K)]
  0x000001f0541f4740 JavaThread "Asynchronous log dispatcher for DefaultDaemonConnection: socket connection from /127.0.0.1:51942 to /127.0.0.1:51943"        [_thread_blocked, id=21760, stack(0x0000005034700000,0x0000005034800000) (1024K)]
  0x000001f0541f2d00 JavaThread "Stdin handler"                     [_thread_blocked, id=20832, stack(0x0000005034800000,0x0000005034900000) (1024K)]
  0x000001f0541f3390 JavaThread "Daemon client event forwarder"        [_thread_blocked, id=6624, stack(0x0000005034900000,0x0000005034a00000) (1024K)]
  0x000001f0541f12c0 JavaThread "Cache worker for journal cache (C:\Users\Koliasik\.gradle\caches\journal-1)"        [_thread_blocked, id=21748, stack(0x0000005034e00000,0x0000005034f00000) (1024K)]
  0x000001f0541f1950 JavaThread "File lock request listener"        [_thread_in_native, id=25516, stack(0x0000005034f00000,0x0000005035000000) (1024K)]
  0x000001f0541f2670 JavaThread "Cache worker for file hash cache (C:\Users\Koliasik\.gradle\caches\9.4.1\fileHashes)"        [_thread_blocked, id=22072, stack(0x0000005035100000,0x0000005035200000) (1024K)]
  0x000001f059ddb4d0 JavaThread "Cache worker for file hash cache (C:\Users\Koliasik\LPServer\.gradle\9.4.1\fileHashes)"        [_thread_blocked, id=35532, stack(0x0000005035200000,0x0000005035300000) (1024K)]
  0x000001f059ddae40 JavaThread "Cache worker for Build Output Cleanup Cache (C:\Users\Koliasik\LPServer\.gradle\buildOutputCleanup)"        [_thread_blocked, id=9100, stack(0x0000005035500000,0x0000005035600000) (1024K)]
  0x000001f059dd9a90 JavaThread "File watcher server"        daemon [_thread_in_native, id=28388, stack(0x0000005035600000,0x0000005035700000) (1024K)]
  0x000001f059dda120 JavaThread "File watcher consumer"      daemon [_thread_blocked, id=32008, stack(0x0000005035700000,0x0000005035800000) (1024K)]
  0x000001f059dda7b0 JavaThread "jar transforms"                    [_thread_blocked, id=26812, stack(0x0000005035000000,0x0000005035100000) (1024K)]
  0x000001f059ddbb60 JavaThread "jar transforms Thread 2"           [_thread_blocked, id=23232, stack(0x0000005035800000,0x0000005035900000) (1024K)]
  0x000001f059ddc1f0 JavaThread "jar transforms Thread 3"           [_thread_blocked, id=26492, stack(0x0000005035900000,0x0000005035a00000) (1024K)]
  0x000001f059dd8d70 JavaThread "jar transforms Thread 4"           [_thread_blocked, id=24748, stack(0x0000005035a00000,0x0000005035b00000) (1024K)]
  0x000001f056876410 JavaThread "jar transforms Thread 5"           [_thread_blocked, id=37868, stack(0x0000005035b00000,0x0000005035c00000) (1024K)]
  0x000001f0568784e0 JavaThread "jar transforms Thread 6"           [_thread_blocked, id=2088, stack(0x0000005035c00000,0x0000005035d00000) (1024K)]
  0x000001f0568777c0 JavaThread "jar transforms Thread 7"           [_thread_blocked, id=24716, stack(0x0000005035d00000,0x0000005035e00000) (1024K)]
  0x000001f056875d80 JavaThread "jar transforms Thread 8"           [_thread_blocked, id=19948, stack(0x0000005035e00000,0x0000005035f00000) (1024K)]
  0x000001f056876aa0 JavaThread "jar transforms Thread 9"           [_thread_blocked, id=36532, stack(0x0000005035f00000,0x0000005036000000) (1024K)]
  0x000001f056877130 JavaThread "jar transforms Thread 10"          [_thread_blocked, id=36684, stack(0x0000005036000000,0x0000005036100000) (1024K)]
  0x000001f056875060 JavaThread "jar transforms Thread 11"          [_thread_blocked, id=35756, stack(0x0000005036100000,0x0000005036200000) (1024K)]
  0x000001f056878b70 JavaThread "Cache worker for file content cache (C:\Users\Koliasik\.gradle\caches\9.4.1\fileContent)"        [_thread_blocked, id=28384, stack(0x0000005036200000,0x0000005036300000) (1024K)]
  0x000001f0568756f0 JavaThread "Cache worker for checksums cache (C:\Users\Koliasik\LPServer\.gradle\9.4.1\checksums)"        [_thread_blocked, id=32748, stack(0x0000005036300000,0x0000005036400000) (1024K)]
  0x000001f05687b2d0 JavaThread "Cache worker for cache directory md-supplier (C:\Users\Koliasik\.gradle\caches\9.4.1\md-supplier)"        [_thread_blocked, id=9248, stack(0x0000005036400000,0x0000005036500000) (1024K)]
  0x000001f05687b960 JavaThread "Cache worker for cache directory md-rule (C:\Users\Koliasik\.gradle\caches\9.4.1\md-rule)"        [_thread_blocked, id=4968, stack(0x0000005036500000,0x0000005036600000) (1024K)]
  0x000001f056879890 JavaThread "jar transforms Thread 12"          [_thread_blocked, id=33392, stack(0x0000005036600000,0x0000005036700000) (1024K)]
=>0x000001f03a2a7590 JavaThread "C2 CompilerThread1"         daemon [_thread_in_native, id=31008, stack(0x0000005036700000,0x0000005036800000) (1024K)]
  0x000001f03a2a5a50 JavaThread "C2 CompilerThread2"         daemon [_thread_blocked, id=9948, stack(0x0000005036800000,0x0000005036900000) (1024K)]
Total: 46

Other Threads:
  0x000001f03a2723b0 VMThread "VM Thread"                           [id=5004, stack(0x0000005033000000,0x0000005033100000) (1024K)]
  0x000001f03a262110 WatcherThread "VM Periodic Task Thread"        [id=16048, stack(0x0000005032f00000,0x0000005033000000) (1024K)]
  0x000001f01ee8b8f0 WorkerThread "GC Thread#0"                     [id=8244, stack(0x0000005032a00000,0x0000005032b00000) (1024K)]
  0x000001f0542b0590 WorkerThread "GC Thread#1"                     [id=31108, stack(0x0000005033b00000,0x0000005033c00000) (1024K)]
  0x000001f0542b0940 WorkerThread "GC Thread#2"                     [id=26660, stack(0x0000005033c00000,0x0000005033d00000) (1024K)]
  0x000001f0542b1100 WorkerThread "GC Thread#3"                     [id=20772, stack(0x0000005033d00000,0x0000005033e00000) (1024K)]
  0x000001f03a4fa490 WorkerThread "GC Thread#4"                     [id=31512, stack(0x0000005033e00000,0x0000005033f00000) (1024K)]
  0x000001f03a4f9d30 WorkerThread "GC Thread#5"                     [id=29664, stack(0x0000005033f00000,0x0000005034000000) (1024K)]
  0x000001f05580ddc0 WorkerThread "GC Thread#6"                     [id=36528, stack(0x0000005034a00000,0x0000005034b00000) (1024K)]
  0x000001f05580cb50 WorkerThread "GC Thread#7"                     [id=35664, stack(0x0000005034b00000,0x0000005034c00000) (1024K)]
  0x000001f05580e170 WorkerThread "GC Thread#8"                     [id=9540, stack(0x0000005034c00000,0x0000005034d00000) (1024K)]
  0x000001f05580c7a0 WorkerThread "GC Thread#9"                     [id=29892, stack(0x0000005034d00000,0x0000005034e00000) (1024K)]
  0x000001f01ee92860 ConcurrentGCThread "G1 Main Marker"            [id=20056, stack(0x0000005032b00000,0x0000005032c00000) (1024K)]
  0x000001f01ee941a0 WorkerThread "G1 Conc#0"                       [id=5724, stack(0x0000005032c00000,0x0000005032d00000) (1024K)]
  0x000001f05580c3f0 WorkerThread "G1 Conc#1"                       [id=25036, stack(0x0000005035300000,0x0000005035400000) (1024K)]
  0x000001f05580d2b0 WorkerThread "G1 Conc#2"                       [id=23752, stack(0x0000005035400000,0x0000005035500000) (1024K)]
  0x000001f01ef1e9b0 ConcurrentGCThread "G1 Refine#0"               [id=36788, stack(0x0000005032d00000,0x0000005032e00000) (1024K)]
  0x000001f03a138620 ConcurrentGCThread "G1 Service"                [id=23396, stack(0x0000005032e00000,0x0000005032f00000) (1024K)]
Total: 18

Threads with active compile tasks:
C2 CompilerThread0  72664 6083       4       java.io.File::isInvalid (47 bytes)
C2 CompilerThread1  72664 5550   !   4       java.lang.ClassLoader::loadClass (121 bytes)
Total: 2

VM state: not at safepoint (normal execution)

VM Mutex/Monitor currently owned by a thread: None

Heap address: 0x00000000e0000000, size: 512 MB, Compressed Oops mode: 32-bit

CDS archive(s) mapped at: [0x000001f03b000000-0x000001f03bd70000-0x000001f03bd70000), size 14090240, SharedBaseAddress: 0x000001f03b000000, ArchiveRelocationMode: 1.
Compressed class space mapped at: 0x000001f03c000000-0x000001f050000000, reserved size: 335544320
Narrow klass base: 0x000001f03b000000, Narrow klass shift: 0, Narrow klass range: 0x15000000

GC Precious Log:
 CardTable entry size: 512
 Card Set container configuration: InlinePtr #cards 5 size 8 Array Of Cards #cards 10 size 36 Howl #buckets 4 coarsen threshold 1843 Howl Bitmap #cards 512 size 80 coarsen threshold 460 Card regions per heap region 1 cards per card region 2048
 CPUs: 12 total, 12 available
 Memory: 7549M
 Large Page Support: Disabled
 NUMA Support: Disabled
 Compressed Oops: Enabled (32-bit)
 Heap Region Size: 1M
 Heap Min Capacity: 256M
 Heap Initial Capacity: 256M
 Heap Max Capacity: 512M
 Pre-touch: Disabled
 Parallel Workers: 10
 Concurrent Workers: 3
 Concurrent Refinement Workers: 10
 Periodic GC: Disabled

Heap:
 garbage-first heap   total reserved 524288K, committed 262144K, used 159381K [0x00000000e0000000, 0x0000000100000000)
  region size 1024K, 116 young (118784K), 1 survivors (1024K)
 Metaspace       used 46790K, committed 48448K, reserved 393216K
  class space    used 6895K, committed 7680K, reserved 327680K

Heap Regions: E=young(eden), S=young(survivor), O=old, HS=humongous(starts), HC=humongous(continues), CS=collection set, F=free, TAMS=top-at-mark-start, PB=parsable bottom
|   0|0x00000000e0000000, 0x00000000e0100000, 0x00000000e0100000|100%|HS|  |TAMS 0x00000000e0000000| PB 0x00000000e0000000| Complete |  0
|   1|0x00000000e0100000, 0x00000000e0200000, 0x00000000e0200000|100%|HC|  |TAMS 0x00000000e0100000| PB 0x00000000e0100000| Complete |  0
|   2|0x00000000e0200000, 0x00000000e0300000, 0x00000000e0300000|100%|HC|  |TAMS 0x00000000e0200000| PB 0x00000000e0200000| Complete |  0
|   3|0x00000000e0300000, 0x00000000e0400000, 0x00000000e0400000|100%|HC|  |TAMS 0x00000000e0300000| PB 0x00000000e0300000| Complete |  0
|   4|0x00000000e0400000, 0x00000000e0500000, 0x00000000e0500000|100%| O|  |TAMS 0x00000000e0400000| PB 0x00000000e0400000| Untracked |  0
|   5|0x00000000e0500000, 0x00000000e0600000, 0x00000000e0600000|100%| O|  |TAMS 0x00000000e0500000| PB 0x00000000e0500000| Untracked |  0
|   6|0x00000000e0600000, 0x00000000e0700000, 0x00000000e0700000|100%| O|  |TAMS 0x00000000e0600000| PB 0x00000000e0600000| Untracked |  0
|   7|0x00000000e0700000, 0x00000000e0800000, 0x00000000e0800000|100%| O|  |TAMS 0x00000000e0700000| PB 0x00000000e0700000| Untracked |  0
|   8|0x00000000e0800000, 0x00000000e0900000, 0x00000000e0900000|100%| O|  |TAMS 0x00000000e0800000| PB 0x00000000e0800000| Untracked |  0
|   9|0x00000000e0900000, 0x00000000e0a00000, 0x00000000e0a00000|100%| O|  |TAMS 0x00000000e0900000| PB 0x00000000e0900000| Untracked |  0
|  10|0x00000000e0a00000, 0x00000000e0a00000, 0x00000000e0b00000|  0%| F|  |TAMS 0x00000000e0a00000| PB 0x00000000e0a00000| Untracked |  0
|  11|0x00000000e0b00000, 0x00000000e0c00000, 0x00000000e0c00000|100%|HS|  |TAMS 0x00000000e0b00000| PB 0x00000000e0b00000| Complete |  0
|  12|0x00000000e0c00000, 0x00000000e0d00000, 0x00000000e0d00000|100%| O|  |TAMS 0x00000000e0c00000| PB 0x00000000e0c00000| Untracked |  0
|  13|0x00000000e0d00000, 0x00000000e0e00000, 0x00000000e0e00000|100%| O|  |TAMS 0x00000000e0d00000| PB 0x00000000e0d00000| Untracked |  0
|  14|0x00000000e0e00000, 0x00000000e0f00000, 0x00000000e0f00000|100%| O|  |TAMS 0x00000000e0e00000| PB 0x00000000e0e00000| Untracked |  0
|  15|0x00000000e0f00000, 0x00000000e1000000, 0x00000000e1000000|100%| O|Cm|TAMS 0x00000000e0f00000| PB 0x00000000e0f00000| Complete |  0
|  16|0x00000000e1000000, 0x00000000e1100000, 0x00000000e1100000|100%| O|  |TAMS 0x00000000e1000000| PB 0x00000000e1000000| Untracked |  0
|  17|0x00000000e1100000, 0x00000000e1200000, 0x00000000e1200000|100%| O|  |TAMS 0x00000000e1100000| PB 0x00000000e1100000| Untracked |  0
|  18|0x00000000e1200000, 0x00000000e1300000, 0x00000000e1300000|100%| O|  |TAMS 0x00000000e1200000| PB 0x00000000e1200000| Untracked |  0
|  19|0x00000000e1300000, 0x00000000e1400000, 0x00000000e1400000|100%| O|  |TAMS 0x00000000e1300000| PB 0x00000000e1300000| Untracked |  0
|  20|0x00000000e1400000, 0x00000000e1500000, 0x00000000e1500000|100%| O|  |TAMS 0x00000000e1400000| PB 0x00000000e1400000| Untracked |  0
|  21|0x00000000e1500000, 0x00000000e1600000, 0x00000000e1600000|100%| O|  |TAMS 0x00000000e1500000| PB 0x00000000e1500000| Untracked |  0
|  22|0x00000000e1600000, 0x00000000e1700000, 0x00000000e1700000|100%| O|  |TAMS 0x00000000e1600000| PB 0x00000000e1600000| Untracked |  0
|  23|0x00000000e1700000, 0x00000000e1800000, 0x00000000e1800000|100%|HS|  |TAMS 0x00000000e1700000| PB 0x00000000e1700000| Complete |  0
|  24|0x00000000e1800000, 0x00000000e1900000, 0x00000000e1900000|100%|HC|  |TAMS 0x00000000e1800000| PB 0x00000000e1800000| Complete |  0
|  25|0x00000000e1900000, 0x00000000e1a00000, 0x00000000e1a00000|100%|HC|  |TAMS 0x00000000e1900000| PB 0x00000000e1900000| Complete |  0
|  26|0x00000000e1a00000, 0x00000000e1b00000, 0x00000000e1b00000|100%|HC|  |TAMS 0x00000000e1a00000| PB 0x00000000e1a00000| Complete |  0
|  27|0x00000000e1b00000, 0x00000000e1c00000, 0x00000000e1c00000|100%|HC|  |TAMS 0x00000000e1b00000| PB 0x00000000e1b00000| Complete |  0
|  28|0x00000000e1c00000, 0x00000000e1d00000, 0x00000000e1d00000|100%|HC|  |TAMS 0x00000000e1c00000| PB 0x00000000e1c00000| Complete |  0
|  29|0x00000000e1d00000, 0x00000000e1e00000, 0x00000000e1e00000|100%|HS|  |TAMS 0x00000000e1d00000| PB 0x00000000e1d00000| Complete |  0
|  30|0x00000000e1e00000, 0x00000000e1f00000, 0x00000000e1f00000|100%|HC|  |TAMS 0x00000000e1e00000| PB 0x00000000e1e00000| Complete |  0
|  31|0x00000000e1f00000, 0x00000000e2000000, 0x00000000e2000000|100%|HC|  |TAMS 0x00000000e1f00000| PB 0x00000000e1f00000| Complete |  0
|  32|0x00000000e2000000, 0x00000000e2100000, 0x00000000e2100000|100%|HS|  |TAMS 0x00000000e2000000| PB 0x00000000e2000000| Complete |  0
|  33|0x00000000e2100000, 0x00000000e2200000, 0x00000000e2200000|100%|HC|  |TAMS 0x00000000e2100000| PB 0x00000000e2100000| Complete |  0
|  34|0x00000000e2200000, 0x00000000e2300000, 0x00000000e2300000|100%| O|  |TAMS 0x00000000e2200000| PB 0x00000000e2200000| Untracked |  0
|  35|0x00000000e2300000, 0x00000000e2400000, 0x00000000e2400000|100%| O|  |TAMS 0x00000000e2300000| PB 0x00000000e2300000| Untracked |  0
|  36|0x00000000e2400000, 0x00000000e2500000, 0x00000000e2500000|100%| O|  |TAMS 0x00000000e2400000| PB 0x00000000e2400000| Untracked |  0
|  37|0x00000000e2500000, 0x00000000e2600000, 0x00000000e2600000|100%| O|  |TAMS 0x00000000e2500000| PB 0x00000000e2500000| Untracked |  0
|  38|0x00000000e2600000, 0x00000000e2700000, 0x00000000e2700000|100%| O|  |TAMS 0x00000000e2600000| PB 0x00000000e2600000| Untracked |  0
|  39|0x00000000e2700000, 0x00000000e2800000, 0x00000000e2800000|100%| O|  |TAMS 0x00000000e2700000| PB 0x00000000e2700000| Untracked |  0
|  40|0x00000000e2800000, 0x00000000e2900000, 0x00000000e2900000|100%| O|  |TAMS 0x00000000e2800000| PB 0x00000000e2800000| Untracked |  0
|  41|0x00000000e2900000, 0x00000000e2a00000, 0x00000000e2a00000|100%| O|  |TAMS 0x00000000e2900000| PB 0x00000000e2900000| Untracked |  0
|  42|0x00000000e2a00000, 0x00000000e2b00000, 0x00000000e2b00000|100%| O|  |TAMS 0x00000000e2a00000| PB 0x00000000e2a00000| Untracked |  0
|  43|0x00000000e2b00000, 0x00000000e2b53b10, 0x00000000e2c00000| 32%| O|  |TAMS 0x00000000e2b00000| PB 0x00000000e2b00000| Untracked |  0
|  44|0x00000000e2c00000, 0x00000000e2c00000, 0x00000000e2d00000|  0%| F|  |TAMS 0x00000000e2c00000| PB 0x00000000e2c00000| Untracked |  0
|  45|0x00000000e2d00000, 0x00000000e2d00000, 0x00000000e2e00000|  0%| F|  |TAMS 0x00000000e2d00000| PB 0x00000000e2d00000| Untracked |  0
|  46|0x00000000e2e00000, 0x00000000e2e00000, 0x00000000e2f00000|  0%| F|  |TAMS 0x00000000e2e00000| PB 0x00000000e2e00000| Untracked |  0
|  47|0x00000000e2f00000, 0x00000000e2f00000, 0x00000000e3000000|  0%| F|  |TAMS 0x00000000e2f00000| PB 0x00000000e2f00000| Untracked |  0
|  48|0x00000000e3000000, 0x00000000e3000000, 0x00000000e3100000|  0%| F|  |TAMS 0x00000000e3000000| PB 0x00000000e3000000| Untracked |  0
|  49|0x00000000e3100000, 0x00000000e3100000, 0x00000000e3200000|  0%| F|  |TAMS 0x00000000e3100000| PB 0x00000000e3100000| Untracked |  0
|  50|0x00000000e3200000, 0x00000000e3200000, 0x00000000e3300000|  0%| F|  |TAMS 0x00000000e3200000| PB 0x00000000e3200000| Untracked |  0
|  51|0x00000000e3300000, 0x00000000e3300000, 0x00000000e3400000|  0%| F|  |TAMS 0x00000000e3300000| PB 0x00000000e3300000| Untracked |  0
|  52|0x00000000e3400000, 0x00000000e3400000, 0x00000000e3500000|  0%| F|  |TAMS 0x00000000e3400000| PB 0x00000000e3400000| Untracked |  0
|  53|0x00000000e3500000, 0x00000000e3500000, 0x00000000e3600000|  0%| F|  |TAMS 0x00000000e3500000| PB 0x00000000e3500000| Untracked |  0
|  54|0x00000000e3600000, 0x00000000e3600000, 0x00000000e3700000|  0%| F|  |TAMS 0x00000000e3600000| PB 0x00000000e3600000| Untracked |  0
|  55|0x00000000e3700000, 0x00000000e3700000, 0x00000000e3800000|  0%| F|  |TAMS 0x00000000e3700000| PB 0x00000000e3700000| Untracked |  0
|  56|0x00000000e3800000, 0x00000000e3800000, 0x00000000e3900000|  0%| F|  |TAMS 0x00000000e3800000| PB 0x00000000e3800000| Untracked |  0
|  57|0x00000000e3900000, 0x00000000e3900000, 0x00000000e3a00000|  0%| F|  |TAMS 0x00000000e3900000| PB 0x00000000e3900000| Untracked |  0
|  58|0x00000000e3a00000, 0x00000000e3a00000, 0x00000000e3b00000|  0%| F|  |TAMS 0x00000000e3a00000| PB 0x00000000e3a00000| Untracked |  0
|  59|0x00000000e3b00000, 0x00000000e3b00000, 0x00000000e3c00000|  0%| F|  |TAMS 0x00000000e3b00000| PB 0x00000000e3b00000| Untracked |  0
|  60|0x00000000e3c00000, 0x00000000e3c00000, 0x00000000e3d00000|  0%| F|  |TAMS 0x00000000e3c00000| PB 0x00000000e3c00000| Untracked |  0
|  61|0x00000000e3d00000, 0x00000000e3d00000, 0x00000000e3e00000|  0%| F|  |TAMS 0x00000000e3d00000| PB 0x00000000e3d00000| Untracked |  0
|  62|0x00000000e3e00000, 0x00000000e3e00000, 0x00000000e3f00000|  0%| F|  |TAMS 0x00000000e3e00000| PB 0x00000000e3e00000| Untracked |  0
|  63|0x00000000e3f00000, 0x00000000e3f00000, 0x00000000e4000000|  0%| F|  |TAMS 0x00000000e3f00000| PB 0x00000000e3f00000| Untracked |  0
|  64|0x00000000e4000000, 0x00000000e4000000, 0x00000000e4100000|  0%| F|  |TAMS 0x00000000e4000000| PB 0x00000000e4000000| Untracked |  0
|  65|0x00000000e4100000, 0x00000000e4100000, 0x00000000e4200000|  0%| F|  |TAMS 0x00000000e4100000| PB 0x00000000e4100000| Untracked |  0
|  66|0x00000000e4200000, 0x00000000e4200000, 0x00000000e4300000|  0%| F|  |TAMS 0x00000000e4200000| PB 0x00000000e4200000| Untracked |  0
|  67|0x00000000e4300000, 0x00000000e4300000, 0x00000000e4400000|  0%| F|  |TAMS 0x00000000e4300000| PB 0x00000000e4300000| Untracked |  0
|  68|0x00000000e4400000, 0x00000000e4400000, 0x00000000e4500000|  0%| F|  |TAMS 0x00000000e4400000| PB 0x00000000e4400000| Untracked |  0
|  69|0x00000000e4500000, 0x00000000e4500000, 0x00000000e4600000|  0%| F|  |TAMS 0x00000000e4500000| PB 0x00000000e4500000| Untracked |  0
|  70|0x00000000e4600000, 0x00000000e4600000, 0x00000000e4700000|  0%| F|  |TAMS 0x00000000e4600000| PB 0x00000000e4600000| Untracked |  0
|  71|0x00000000e4700000, 0x00000000e4700000, 0x00000000e4800000|  0%| F|  |TAMS 0x00000000e4700000| PB 0x00000000e4700000| Untracked |  0
|  72|0x00000000e4800000, 0x00000000e4800000, 0x00000000e4900000|  0%| F|  |TAMS 0x00000000e4800000| PB 0x00000000e4800000| Untracked |  0
|  73|0x00000000e4900000, 0x00000000e4900000, 0x00000000e4a00000|  0%| F|  |TAMS 0x00000000e4900000| PB 0x00000000e4900000| Untracked |  0
|  74|0x00000000e4a00000, 0x00000000e4a00000, 0x00000000e4b00000|  0%| F|  |TAMS 0x00000000e4a00000| PB 0x00000000e4a00000| Untracked |  0
|  75|0x00000000e4b00000, 0x00000000e4b00000, 0x00000000e4c00000|  0%| F|  |TAMS 0x00000000e4b00000| PB 0x00000000e4b00000| Untracked |  0
|  76|0x00000000e4c00000, 0x00000000e4c00000, 0x00000000e4d00000|  0%| F|  |TAMS 0x00000000e4c00000| PB 0x00000000e4c00000| Untracked |  0
|  77|0x00000000e4d00000, 0x00000000e4d00000, 0x00000000e4e00000|  0%| F|  |TAMS 0x00000000e4d00000| PB 0x00000000e4d00000| Untracked |  0
|  78|0x00000000e4e00000, 0x00000000e4e00000, 0x00000000e4f00000|  0%| F|  |TAMS 0x00000000e4e00000| PB 0x00000000e4e00000| Untracked |  0
|  79|0x00000000e4f00000, 0x00000000e4f00000, 0x00000000e5000000|  0%| F|  |TAMS 0x00000000e4f00000| PB 0x00000000e4f00000| Untracked |  0
|  80|0x00000000e5000000, 0x00000000e5000000, 0x00000000e5100000|  0%| F|  |TAMS 0x00000000e5000000| PB 0x00000000e5000000| Untracked |  0
|  81|0x00000000e5100000, 0x00000000e5100000, 0x00000000e5200000|  0%| F|  |TAMS 0x00000000e5100000| PB 0x00000000e5100000| Untracked |  0
|  82|0x00000000e5200000, 0x00000000e5200000, 0x00000000e5300000|  0%| F|  |TAMS 0x00000000e5200000| PB 0x00000000e5200000| Untracked |  0
|  83|0x00000000e5300000, 0x00000000e5300000, 0x00000000e5400000|  0%| F|  |TAMS 0x00000000e5300000| PB 0x00000000e5300000| Untracked |  0
|  84|0x00000000e5400000, 0x00000000e5400000, 0x00000000e5500000|  0%| F|  |TAMS 0x00000000e5400000| PB 0x00000000e5400000| Untracked |  0
|  85|0x00000000e5500000, 0x00000000e5500000, 0x00000000e5600000|  0%| F|  |TAMS 0x00000000e5500000| PB 0x00000000e5500000| Untracked |  0
|  86|0x00000000e5600000, 0x00000000e5600000, 0x00000000e5700000|  0%| F|  |TAMS 0x00000000e5600000| PB 0x00000000e5600000| Untracked |  0
|  87|0x00000000e5700000, 0x00000000e5700000, 0x00000000e5800000|  0%| F|  |TAMS 0x00000000e5700000| PB 0x00000000e5700000| Untracked |  0
|  88|0x00000000e5800000, 0x00000000e5800000, 0x00000000e5900000|  0%| F|  |TAMS 0x00000000e5800000| PB 0x00000000e5800000| Untracked |  0
|  89|0x00000000e5900000, 0x00000000e5900000, 0x00000000e5a00000|  0%| F|  |TAMS 0x00000000e5900000| PB 0x00000000e5900000| Untracked |  0
|  90|0x00000000e5a00000, 0x00000000e5a00000, 0x00000000e5b00000|  0%| F|  |TAMS 0x00000000e5a00000| PB 0x00000000e5a00000| Untracked |  0
|  91|0x00000000e5b00000, 0x00000000e5b00000, 0x00000000e5c00000|  0%| F|  |TAMS 0x00000000e5b00000| PB 0x00000000e5b00000| Untracked |  0
|  92|0x00000000e5c00000, 0x00000000e5c00000, 0x00000000e5d00000|  0%| F|  |TAMS 0x00000000e5c00000| PB 0x00000000e5c00000| Untracked |  0
|  93|0x00000000e5d00000, 0x00000000e5d00000, 0x00000000e5e00000|  0%| F|  |TAMS 0x00000000e5d00000| PB 0x00000000e5d00000| Untracked |  0
|  94|0x00000000e5e00000, 0x00000000e5e00000, 0x00000000e5f00000|  0%| F|  |TAMS 0x00000000e5e00000| PB 0x00000000e5e00000| Untracked |  0
|  95|0x00000000e5f00000, 0x00000000e5f00000, 0x00000000e6000000|  0%| F|  |TAMS 0x00000000e5f00000| PB 0x00000000e5f00000| Untracked |  0
|  96|0x00000000e6000000, 0x00000000e6000000, 0x00000000e6100000|  0%| F|  |TAMS 0x00000000e6000000| PB 0x00000000e6000000| Untracked |  0
|  97|0x00000000e6100000, 0x00000000e6100000, 0x00000000e6200000|  0%| F|  |TAMS 0x00000000e6100000| PB 0x00000000e6100000| Untracked |  0
|  98|0x00000000e6200000, 0x00000000e6200000, 0x00000000e6300000|  0%| F|  |TAMS 0x00000000e6200000| PB 0x00000000e6200000| Untracked |  0
|  99|0x00000000e6300000, 0x00000000e6300000, 0x00000000e6400000|  0%| F|  |TAMS 0x00000000e6300000| PB 0x00000000e6300000| Untracked |  0
| 100|0x00000000e6400000, 0x00000000e6400000, 0x00000000e6500000|  0%| F|  |TAMS 0x00000000e6400000| PB 0x00000000e6400000| Untracked |  0
| 101|0x00000000e6500000, 0x00000000e6500000, 0x00000000e6600000|  0%| F|  |TAMS 0x00000000e6500000| PB 0x00000000e6500000| Untracked |  0
| 102|0x00000000e6600000, 0x00000000e6600000, 0x00000000e6700000|  0%| F|  |TAMS 0x00000000e6600000| PB 0x00000000e6600000| Untracked |  0
| 103|0x00000000e6700000, 0x00000000e6700000, 0x00000000e6800000|  0%| F|  |TAMS 0x00000000e6700000| PB 0x00000000e6700000| Untracked |  0
| 104|0x00000000e6800000, 0x00000000e6800000, 0x00000000e6900000|  0%| F|  |TAMS 0x00000000e6800000| PB 0x00000000e6800000| Untracked |  0
| 105|0x00000000e6900000, 0x00000000e6900000, 0x00000000e6a00000|  0%| F|  |TAMS 0x00000000e6900000| PB 0x00000000e6900000| Untracked |  0
| 106|0x00000000e6a00000, 0x00000000e6a00000, 0x00000000e6b00000|  0%| F|  |TAMS 0x00000000e6a00000| PB 0x00000000e6a00000| Untracked |  0
| 107|0x00000000e6b00000, 0x00000000e6b00000, 0x00000000e6c00000|  0%| F|  |TAMS 0x00000000e6b00000| PB 0x00000000e6b00000| Untracked |  0
| 108|0x00000000e6c00000, 0x00000000e6c00000, 0x00000000e6d00000|  0%| F|  |TAMS 0x00000000e6c00000| PB 0x00000000e6c00000| Untracked |  0
| 109|0x00000000e6d00000, 0x00000000e6d00000, 0x00000000e6e00000|  0%| F|  |TAMS 0x00000000e6d00000| PB 0x00000000e6d00000| Untracked |  0
| 110|0x00000000e6e00000, 0x00000000e6e00000, 0x00000000e6f00000|  0%| F|  |TAMS 0x00000000e6e00000| PB 0x00000000e6e00000| Untracked |  0
| 111|0x00000000e6f00000, 0x00000000e6f00000, 0x00000000e7000000|  0%| F|  |TAMS 0x00000000e6f00000| PB 0x00000000e6f00000| Untracked |  0
| 112|0x00000000e7000000, 0x00000000e7000000, 0x00000000e7100000|  0%| F|  |TAMS 0x00000000e7000000| PB 0x00000000e7000000| Untracked |  0
| 113|0x00000000e7100000, 0x00000000e7100000, 0x00000000e7200000|  0%| F|  |TAMS 0x00000000e7100000| PB 0x00000000e7100000| Untracked |  0
| 114|0x00000000e7200000, 0x00000000e7200000, 0x00000000e7300000|  0%| F|  |TAMS 0x00000000e7200000| PB 0x00000000e7200000| Untracked |  0
| 115|0x00000000e7300000, 0x00000000e7300000, 0x00000000e7400000|  0%| F|  |TAMS 0x00000000e7300000| PB 0x00000000e7300000| Untracked |  0
| 116|0x00000000e7400000, 0x00000000e7400000, 0x00000000e7500000|  0%| F|  |TAMS 0x00000000e7400000| PB 0x00000000e7400000| Untracked |  0
| 117|0x00000000e7500000, 0x00000000e7500000, 0x00000000e7600000|  0%| F|  |TAMS 0x00000000e7500000| PB 0x00000000e7500000| Untracked |  0
| 118|0x00000000e7600000, 0x00000000e7600000, 0x00000000e7700000|  0%| F|  |TAMS 0x00000000e7600000| PB 0x00000000e7600000| Untracked |  0
| 119|0x00000000e7700000, 0x00000000e7700000, 0x00000000e7800000|  0%| F|  |TAMS 0x00000000e7700000| PB 0x00000000e7700000| Untracked |  0
| 120|0x00000000e7800000, 0x00000000e7800000, 0x00000000e7900000|  0%| F|  |TAMS 0x00000000e7800000| PB 0x00000000e7800000| Untracked |  0
| 121|0x00000000e7900000, 0x00000000e7900000, 0x00000000e7a00000|  0%| F|  |TAMS 0x00000000e7900000| PB 0x00000000e7900000| Untracked |  0
| 122|0x00000000e7a00000, 0x00000000e7a00000, 0x00000000e7b00000|  0%| F|  |TAMS 0x00000000e7a00000| PB 0x00000000e7a00000| Untracked |  0
| 123|0x00000000e7b00000, 0x00000000e7b00000, 0x00000000e7c00000|  0%| F|  |TAMS 0x00000000e7b00000| PB 0x00000000e7b00000| Untracked |  0
| 124|0x00000000e7c00000, 0x00000000e7c00000, 0x00000000e7d00000|  0%| F|  |TAMS 0x00000000e7c00000| PB 0x00000000e7c00000| Untracked |  0
| 125|0x00000000e7d00000, 0x00000000e7d00000, 0x00000000e7e00000|  0%| F|  |TAMS 0x00000000e7d00000| PB 0x00000000e7d00000| Untracked |  0
| 126|0x00000000e7e00000, 0x00000000e7e00000, 0x00000000e7f00000|  0%| F|  |TAMS 0x00000000e7e00000| PB 0x00000000e7e00000| Untracked |  0
| 127|0x00000000e7f00000, 0x00000000e7f00000, 0x00000000e8000000|  0%| F|  |TAMS 0x00000000e7f00000| PB 0x00000000e7f00000| Untracked |  0
| 128|0x00000000e8000000, 0x00000000e8000000, 0x00000000e8100000|  0%| F|  |TAMS 0x00000000e8000000| PB 0x00000000e8000000| Untracked |  0
| 129|0x00000000e8100000, 0x00000000e8100000, 0x00000000e8200000|  0%| F|  |TAMS 0x00000000e8100000| PB 0x00000000e8100000| Untracked |  0
| 130|0x00000000e8200000, 0x00000000e8200000, 0x00000000e8300000|  0%| F|  |TAMS 0x00000000e8200000| PB 0x00000000e8200000| Untracked |  0
| 131|0x00000000e8300000, 0x00000000e8300000, 0x00000000e8400000|  0%| F|  |TAMS 0x00000000e8300000| PB 0x00000000e8300000| Untracked |  0
| 132|0x00000000e8400000, 0x00000000e8400000, 0x00000000e8500000|  0%| F|  |TAMS 0x00000000e8400000| PB 0x00000000e8400000| Untracked |  0
| 133|0x00000000e8500000, 0x00000000e8500000, 0x00000000e8600000|  0%| F|  |TAMS 0x00000000e8500000| PB 0x00000000e8500000| Untracked |  0
| 134|0x00000000e8600000, 0x00000000e8600000, 0x00000000e8700000|  0%| F|  |TAMS 0x00000000e8600000| PB 0x00000000e8600000| Untracked |  0
| 135|0x00000000e8700000, 0x00000000e8700000, 0x00000000e8800000|  0%| F|  |TAMS 0x00000000e8700000| PB 0x00000000e8700000| Untracked |  0
| 136|0x00000000e8800000, 0x00000000e8800000, 0x00000000e8900000|  0%| F|  |TAMS 0x00000000e8800000| PB 0x00000000e8800000| Untracked |  0
| 137|0x00000000e8900000, 0x00000000e8900000, 0x00000000e8a00000|  0%| F|  |TAMS 0x00000000e8900000| PB 0x00000000e8900000| Untracked |  0
| 138|0x00000000e8a00000, 0x00000000e8a00000, 0x00000000e8b00000|  0%| F|  |TAMS 0x00000000e8a00000| PB 0x00000000e8a00000| Untracked |  0
| 139|0x00000000e8b00000, 0x00000000e8b00000, 0x00000000e8c00000|  0%| F|  |TAMS 0x00000000e8b00000| PB 0x00000000e8b00000| Untracked |  0
| 140|0x00000000e8c00000, 0x00000000e8c45e50, 0x00000000e8d00000| 27%| E|  |TAMS 0x00000000e8c00000| PB 0x00000000e8c00000| Complete |  0
| 141|0x00000000e8d00000, 0x00000000e8e00000, 0x00000000e8e00000|100%| E|CS|TAMS 0x00000000e8d00000| PB 0x00000000e8d00000| Complete |  0
| 142|0x00000000e8e00000, 0x00000000e8f00000, 0x00000000e8f00000|100%| E|CS|TAMS 0x00000000e8e00000| PB 0x00000000e8e00000| Complete |  0
| 143|0x00000000e8f00000, 0x00000000e9000000, 0x00000000e9000000|100%| E|CS|TAMS 0x00000000e8f00000| PB 0x00000000e8f00000| Complete |  0
| 144|0x00000000e9000000, 0x00000000e9100000, 0x00000000e9100000|100%| E|CS|TAMS 0x00000000e9000000| PB 0x00000000e9000000| Complete |  0
| 145|0x00000000e9100000, 0x00000000e9200000, 0x00000000e9200000|100%| E|CS|TAMS 0x00000000e9100000| PB 0x00000000e9100000| Complete |  0
| 146|0x00000000e9200000, 0x00000000e9300000, 0x00000000e9300000|100%| E|CS|TAMS 0x00000000e9200000| PB 0x00000000e9200000| Complete |  0
| 147|0x00000000e9300000, 0x00000000e9400000, 0x00000000e9400000|100%| E|CS|TAMS 0x00000000e9300000| PB 0x00000000e9300000| Complete |  0
| 148|0x00000000e9400000, 0x00000000e9500000, 0x00000000e9500000|100%| E|CS|TAMS 0x00000000e9400000| PB 0x00000000e9400000| Complete |  0
| 149|0x00000000e9500000, 0x00000000e9600000, 0x00000000e9600000|100%| E|CS|TAMS 0x00000000e9500000| PB 0x00000000e9500000| Complete |  0
| 150|0x00000000e9600000, 0x00000000e9700000, 0x00000000e9700000|100%| E|CS|TAMS 0x00000000e9600000| PB 0x00000000e9600000| Complete |  0
| 151|0x00000000e9700000, 0x00000000e9800000, 0x00000000e9800000|100%| E|CS|TAMS 0x00000000e9700000| PB 0x00000000e9700000| Complete |  0
| 152|0x00000000e9800000, 0x00000000e9900000, 0x00000000e9900000|100%| E|CS|TAMS 0x00000000e9800000| PB 0x00000000e9800000| Complete |  0
| 153|0x00000000e9900000, 0x00000000e9a00000, 0x00000000e9a00000|100%| E|CS|TAMS 0x00000000e9900000| PB 0x00000000e9900000| Complete |  0
| 154|0x00000000e9a00000, 0x00000000e9b00000, 0x00000000e9b00000|100%| E|CS|TAMS 0x00000000e9a00000| PB 0x00000000e9a00000| Complete |  0
| 155|0x00000000e9b00000, 0x00000000e9c00000, 0x00000000e9c00000|100%| E|CS|TAMS 0x00000000e9b00000| PB 0x00000000e9b00000| Complete |  0
| 156|0x00000000e9c00000, 0x00000000e9d00000, 0x00000000e9d00000|100%| E|CS|TAMS 0x00000000e9c00000| PB 0x00000000e9c00000| Complete |  0
| 157|0x00000000e9d00000, 0x00000000e9e00000, 0x00000000e9e00000|100%| E|CS|TAMS 0x00000000e9d00000| PB 0x00000000e9d00000| Complete |  0
| 158|0x00000000e9e00000, 0x00000000e9f00000, 0x00000000e9f00000|100%| E|CS|TAMS 0x00000000e9e00000| PB 0x00000000e9e00000| Complete |  0
| 159|0x00000000e9f00000, 0x00000000ea000000, 0x00000000ea000000|100%| E|CS|TAMS 0x00000000e9f00000| PB 0x00000000e9f00000| Complete |  0
| 160|0x00000000ea000000, 0x00000000ea100000, 0x00000000ea100000|100%| E|CS|TAMS 0x00000000ea000000| PB 0x00000000ea000000| Complete |  0
| 161|0x00000000ea100000, 0x00000000ea200000, 0x00000000ea200000|100%| E|CS|TAMS 0x00000000ea100000| PB 0x00000000ea100000| Complete |  0
| 162|0x00000000ea200000, 0x00000000ea300000, 0x00000000ea300000|100%| E|CS|TAMS 0x00000000ea200000| PB 0x00000000ea200000| Complete |  0
| 163|0x00000000ea300000, 0x00000000ea400000, 0x00000000ea400000|100%| E|CS|TAMS 0x00000000ea300000| PB 0x00000000ea300000| Complete |  0
| 164|0x00000000ea400000, 0x00000000ea500000, 0x00000000ea500000|100%| E|CS|TAMS 0x00000000ea400000| PB 0x00000000ea400000| Complete |  0
| 165|0x00000000ea500000, 0x00000000ea600000, 0x00000000ea600000|100%| E|CS|TAMS 0x00000000ea500000| PB 0x00000000ea500000| Complete |  0
| 166|0x00000000ea600000, 0x00000000ea700000, 0x00000000ea700000|100%| E|CS|TAMS 0x00000000ea600000| PB 0x00000000ea600000| Complete |  0
| 167|0x00000000ea700000, 0x00000000ea800000, 0x00000000ea800000|100%| E|CS|TAMS 0x00000000ea700000| PB 0x00000000ea700000| Complete |  0
| 168|0x00000000ea800000, 0x00000000ea900000, 0x00000000ea900000|100%| E|CS|TAMS 0x00000000ea800000| PB 0x00000000ea800000| Complete |  0
| 169|0x00000000ea900000, 0x00000000eaa00000, 0x00000000eaa00000|100%| E|CS|TAMS 0x00000000ea900000| PB 0x00000000ea900000| Complete |  0
| 170|0x00000000eaa00000, 0x00000000eab00000, 0x00000000eab00000|100%| E|CS|TAMS 0x00000000eaa00000| PB 0x00000000eaa00000| Complete |  0
| 171|0x00000000eab00000, 0x00000000eac00000, 0x00000000eac00000|100%| E|CS|TAMS 0x00000000eab00000| PB 0x00000000eab00000| Complete |  0
| 172|0x00000000eac00000, 0x00000000ead00000, 0x00000000ead00000|100%| E|CS|TAMS 0x00000000eac00000| PB 0x00000000eac00000| Complete |  0
| 173|0x00000000ead00000, 0x00000000eae00000, 0x00000000eae00000|100%| E|CS|TAMS 0x00000000ead00000| PB 0x00000000ead00000| Complete |  0
| 174|0x00000000eae00000, 0x00000000eaf00000, 0x00000000eaf00000|100%| E|CS|TAMS 0x00000000eae00000| PB 0x00000000eae00000| Complete |  0
| 175|0x00000000eaf00000, 0x00000000eb000000, 0x00000000eb000000|100%| E|CS|TAMS 0x00000000eaf00000| PB 0x00000000eaf00000| Complete |  0
| 176|0x00000000eb000000, 0x00000000eb100000, 0x00000000eb100000|100%| E|CS|TAMS 0x00000000eb000000| PB 0x00000000eb000000| Complete |  0
| 177|0x00000000eb100000, 0x00000000eb200000, 0x00000000eb200000|100%| E|CS|TAMS 0x00000000eb100000| PB 0x00000000eb100000| Complete |  0
| 178|0x00000000eb200000, 0x00000000eb300000, 0x00000000eb300000|100%| E|CS|TAMS 0x00000000eb200000| PB 0x00000000eb200000| Complete |  0
| 179|0x00000000eb300000, 0x00000000eb400000, 0x00000000eb400000|100%| E|CS|TAMS 0x00000000eb300000| PB 0x00000000eb300000| Complete |  0
| 180|0x00000000eb400000, 0x00000000eb500000, 0x00000000eb500000|100%| E|CS|TAMS 0x00000000eb400000| PB 0x00000000eb400000| Complete |  0
| 181|0x00000000eb500000, 0x00000000eb600000, 0x00000000eb600000|100%| E|CS|TAMS 0x00000000eb500000| PB 0x00000000eb500000| Complete |  0
| 182|0x00000000eb600000, 0x00000000eb700000, 0x00000000eb700000|100%| E|CS|TAMS 0x00000000eb600000| PB 0x00000000eb600000| Complete |  0
| 183|0x00000000eb700000, 0x00000000eb800000, 0x00000000eb800000|100%| E|CS|TAMS 0x00000000eb700000| PB 0x00000000eb700000| Complete |  0
| 184|0x00000000eb800000, 0x00000000eb900000, 0x00000000eb900000|100%| E|CS|TAMS 0x00000000eb800000| PB 0x00000000eb800000| Complete |  0
| 185|0x00000000eb900000, 0x00000000eba00000, 0x00000000eba00000|100%| E|CS|TAMS 0x00000000eb900000| PB 0x00000000eb900000| Complete |  0
| 186|0x00000000eba00000, 0x00000000ebb00000, 0x00000000ebb00000|100%| E|CS|TAMS 0x00000000eba00000| PB 0x00000000eba00000| Complete |  0
| 187|0x00000000ebb00000, 0x00000000ebc00000, 0x00000000ebc00000|100%| E|CS|TAMS 0x00000000ebb00000| PB 0x00000000ebb00000| Complete |  0
| 188|0x00000000ebc00000, 0x00000000ebd00000, 0x00000000ebd00000|100%| E|CS|TAMS 0x00000000ebc00000| PB 0x00000000ebc00000| Complete |  0
| 189|0x00000000ebd00000, 0x00000000ebe00000, 0x00000000ebe00000|100%| E|CS|TAMS 0x00000000ebd00000| PB 0x00000000ebd00000| Complete |  0
| 190|0x00000000ebe00000, 0x00000000ebf00000, 0x00000000ebf00000|100%| E|CS|TAMS 0x00000000ebe00000| PB 0x00000000ebe00000| Complete |  0
| 191|0x00000000ebf00000, 0x00000000ec000000, 0x00000000ec000000|100%| E|CS|TAMS 0x00000000ebf00000| PB 0x00000000ebf00000| Complete |  0
| 192|0x00000000ec000000, 0x00000000ec100000, 0x00000000ec100000|100%| E|CS|TAMS 0x00000000ec000000| PB 0x00000000ec000000| Complete |  0
| 193|0x00000000ec100000, 0x00000000ec200000, 0x00000000ec200000|100%| E|CS|TAMS 0x00000000ec100000| PB 0x00000000ec100000| Complete |  0
| 194|0x00000000ec200000, 0x00000000ec300000, 0x00000000ec300000|100%| E|CS|TAMS 0x00000000ec200000| PB 0x00000000ec200000| Complete |  0
| 195|0x00000000ec300000, 0x00000000ec400000, 0x00000000ec400000|100%| E|CS|TAMS 0x00000000ec300000| PB 0x00000000ec300000| Complete |  0
| 196|0x00000000ec400000, 0x00000000ec500000, 0x00000000ec500000|100%| E|CS|TAMS 0x00000000ec400000| PB 0x00000000ec400000| Complete |  0
| 197|0x00000000ec500000, 0x00000000ec600000, 0x00000000ec600000|100%| E|CS|TAMS 0x00000000ec500000| PB 0x00000000ec500000| Complete |  0
| 198|0x00000000ec600000, 0x00000000ec700000, 0x00000000ec700000|100%| E|CS|TAMS 0x00000000ec600000| PB 0x00000000ec600000| Complete |  0
| 199|0x00000000ec700000, 0x00000000ec800000, 0x00000000ec800000|100%| E|CS|TAMS 0x00000000ec700000| PB 0x00000000ec700000| Complete |  0
| 200|0x00000000ec800000, 0x00000000ec900000, 0x00000000ec900000|100%| E|CS|TAMS 0x00000000ec800000| PB 0x00000000ec800000| Complete |  0
| 201|0x00000000ec900000, 0x00000000eca00000, 0x00000000eca00000|100%| E|CS|TAMS 0x00000000ec900000| PB 0x00000000ec900000| Complete |  0
| 202|0x00000000eca00000, 0x00000000ecb00000, 0x00000000ecb00000|100%| E|CS|TAMS 0x00000000eca00000| PB 0x00000000eca00000| Complete |  0
| 203|0x00000000ecb00000, 0x00000000ecc00000, 0x00000000ecc00000|100%| E|CS|TAMS 0x00000000ecb00000| PB 0x00000000ecb00000| Complete |  0
| 204|0x00000000ecc00000, 0x00000000ecd00000, 0x00000000ecd00000|100%| E|CS|TAMS 0x00000000ecc00000| PB 0x00000000ecc00000| Complete |  0
| 205|0x00000000ecd00000, 0x00000000ece00000, 0x00000000ece00000|100%| E|CS|TAMS 0x00000000ecd00000| PB 0x00000000ecd00000| Complete |  0
| 206|0x00000000ece00000, 0x00000000ecf00000, 0x00000000ecf00000|100%| E|CS|TAMS 0x00000000ece00000| PB 0x00000000ece00000| Complete |  0
| 207|0x00000000ecf00000, 0x00000000ed000000, 0x00000000ed000000|100%| E|CS|TAMS 0x00000000ecf00000| PB 0x00000000ecf00000| Complete |  0
| 208|0x00000000ed000000, 0x00000000ed100000, 0x00000000ed100000|100%| E|CS|TAMS 0x00000000ed000000| PB 0x00000000ed000000| Complete |  0
| 209|0x00000000ed100000, 0x00000000ed200000, 0x00000000ed200000|100%| E|CS|TAMS 0x00000000ed100000| PB 0x00000000ed100000| Complete |  0
| 210|0x00000000ed200000, 0x00000000ed300000, 0x00000000ed300000|100%| E|CS|TAMS 0x00000000ed200000| PB 0x00000000ed200000| Complete |  0
| 211|0x00000000ed300000, 0x00000000ed400000, 0x00000000ed400000|100%| E|CS|TAMS 0x00000000ed300000| PB 0x00000000ed300000| Complete |  0
| 212|0x00000000ed400000, 0x00000000ed500000, 0x00000000ed500000|100%| E|CS|TAMS 0x00000000ed400000| PB 0x00000000ed400000| Complete |  0
| 213|0x00000000ed500000, 0x00000000ed600000, 0x00000000ed600000|100%| E|CS|TAMS 0x00000000ed500000| PB 0x00000000ed500000| Complete |  0
| 214|0x00000000ed600000, 0x00000000ed700000, 0x00000000ed700000|100%| E|CS|TAMS 0x00000000ed600000| PB 0x00000000ed600000| Complete |  0
| 215|0x00000000ed700000, 0x00000000ed800000, 0x00000000ed800000|100%| E|CS|TAMS 0x00000000ed700000| PB 0x00000000ed700000| Complete |  0
| 216|0x00000000ed800000, 0x00000000ed900000, 0x00000000ed900000|100%| E|CS|TAMS 0x00000000ed800000| PB 0x00000000ed800000| Complete |  0
| 217|0x00000000ed900000, 0x00000000eda00000, 0x00000000eda00000|100%| E|CS|TAMS 0x00000000ed900000| PB 0x00000000ed900000| Complete |  0
| 218|0x00000000eda00000, 0x00000000edb00000, 0x00000000edb00000|100%| E|CS|TAMS 0x00000000eda00000| PB 0x00000000eda00000| Complete |  0
| 219|0x00000000edb00000, 0x00000000edc00000, 0x00000000edc00000|100%| E|CS|TAMS 0x00000000edb00000| PB 0x00000000edb00000| Complete |  0
| 220|0x00000000edc00000, 0x00000000edd00000, 0x00000000edd00000|100%| E|CS|TAMS 0x00000000edc00000| PB 0x00000000edc00000| Complete |  0
| 221|0x00000000edd00000, 0x00000000ede00000, 0x00000000ede00000|100%| E|CS|TAMS 0x00000000edd00000| PB 0x00000000edd00000| Complete |  0
| 222|0x00000000ede00000, 0x00000000edf00000, 0x00000000edf00000|100%| E|CS|TAMS 0x00000000ede00000| PB 0x00000000ede00000| Complete |  0
| 223|0x00000000edf00000, 0x00000000ee000000, 0x00000000ee000000|100%| E|CS|TAMS 0x00000000edf00000| PB 0x00000000edf00000| Complete |  0
| 224|0x00000000ee000000, 0x00000000ee100000, 0x00000000ee100000|100%| E|CS|TAMS 0x00000000ee000000| PB 0x00000000ee000000| Complete |  0
| 225|0x00000000ee100000, 0x00000000ee200000, 0x00000000ee200000|100%| E|CS|TAMS 0x00000000ee100000| PB 0x00000000ee100000| Complete |  0
| 226|0x00000000ee200000, 0x00000000ee300000, 0x00000000ee300000|100%| E|  |TAMS 0x00000000ee200000| PB 0x00000000ee200000| Complete |  0
| 227|0x00000000ee300000, 0x00000000ee400000, 0x00000000ee400000|100%| E|CS|TAMS 0x00000000ee300000| PB 0x00000000ee300000| Complete |  0
| 228|0x00000000ee400000, 0x00000000ee500000, 0x00000000ee500000|100%| E|CS|TAMS 0x00000000ee400000| PB 0x00000000ee400000| Complete |  0
| 229|0x00000000ee500000, 0x00000000ee600000, 0x00000000ee600000|100%| E|CS|TAMS 0x00000000ee500000| PB 0x00000000ee500000| Complete |  0
| 230|0x00000000ee600000, 0x00000000ee700000, 0x00000000ee700000|100%| E|CS|TAMS 0x00000000ee600000| PB 0x00000000ee600000| Complete |  0
| 231|0x00000000ee700000, 0x00000000ee800000, 0x00000000ee800000|100%| E|CS|TAMS 0x00000000ee700000| PB 0x00000000ee700000| Complete |  0
| 232|0x00000000ee800000, 0x00000000ee900000, 0x00000000ee900000|100%| E|CS|TAMS 0x00000000ee800000| PB 0x00000000ee800000| Complete |  0
| 233|0x00000000ee900000, 0x00000000eea00000, 0x00000000eea00000|100%| E|CS|TAMS 0x00000000ee900000| PB 0x00000000ee900000| Complete |  0
| 234|0x00000000eea00000, 0x00000000eeb00000, 0x00000000eeb00000|100%| E|CS|TAMS 0x00000000eea00000| PB 0x00000000eea00000| Complete |  0
| 235|0x00000000eeb00000, 0x00000000eec00000, 0x00000000eec00000|100%| E|CS|TAMS 0x00000000eeb00000| PB 0x00000000eeb00000| Complete |  0
| 236|0x00000000eec00000, 0x00000000eed00000, 0x00000000eed00000|100%| E|CS|TAMS 0x00000000eec00000| PB 0x00000000eec00000| Complete |  0
| 237|0x00000000eed00000, 0x00000000eee00000, 0x00000000eee00000|100%| E|CS|TAMS 0x00000000eed00000| PB 0x00000000eed00000| Complete |  0
| 238|0x00000000eee00000, 0x00000000eef00000, 0x00000000eef00000|100%| E|CS|TAMS 0x00000000eee00000| PB 0x00000000eee00000| Complete |  0
| 239|0x00000000eef00000, 0x00000000ef000000, 0x00000000ef000000|100%| E|CS|TAMS 0x00000000eef00000| PB 0x00000000eef00000| Complete |  0
| 240|0x00000000ef000000, 0x00000000ef100000, 0x00000000ef100000|100%| E|CS|TAMS 0x00000000ef000000| PB 0x00000000ef000000| Complete |  0
| 241|0x00000000ef100000, 0x00000000ef200000, 0x00000000ef200000|100%| E|CS|TAMS 0x00000000ef100000| PB 0x00000000ef100000| Complete |  0
| 242|0x00000000ef200000, 0x00000000ef300000, 0x00000000ef300000|100%| E|CS|TAMS 0x00000000ef200000| PB 0x00000000ef200000| Complete |  0
| 243|0x00000000ef300000, 0x00000000ef400000, 0x00000000ef400000|100%| E|CS|TAMS 0x00000000ef300000| PB 0x00000000ef300000| Complete |  0
| 244|0x00000000ef400000, 0x00000000ef500000, 0x00000000ef500000|100%| E|CS|TAMS 0x00000000ef400000| PB 0x00000000ef400000| Complete |  0
| 245|0x00000000ef500000, 0x00000000ef600000, 0x00000000ef600000|100%| E|CS|TAMS 0x00000000ef500000| PB 0x00000000ef500000| Complete |  0
| 246|0x00000000ef600000, 0x00000000ef700000, 0x00000000ef700000|100%| E|CS|TAMS 0x00000000ef600000| PB 0x00000000ef600000| Complete |  0
| 247|0x00000000ef700000, 0x00000000ef800000, 0x00000000ef800000|100%| E|CS|TAMS 0x00000000ef700000| PB 0x00000000ef700000| Complete |  0
| 248|0x00000000ef800000, 0x00000000ef900000, 0x00000000ef900000|100%| E|CS|TAMS 0x00000000ef800000| PB 0x00000000ef800000| Complete |  0
| 249|0x00000000ef900000, 0x00000000efa00000, 0x00000000efa00000|100%| E|CS|TAMS 0x00000000ef900000| PB 0x00000000ef900000| Complete |  0
| 250|0x00000000efa00000, 0x00000000efb00000, 0x00000000efb00000|100%| E|CS|TAMS 0x00000000efa00000| PB 0x00000000efa00000| Complete |  0
| 251|0x00000000efb00000, 0x00000000efc00000, 0x00000000efc00000|100%| E|CS|TAMS 0x00000000efb00000| PB 0x00000000efb00000| Complete |  0
| 252|0x00000000efc00000, 0x00000000efd00000, 0x00000000efd00000|100%| E|CS|TAMS 0x00000000efc00000| PB 0x00000000efc00000| Complete |  0
| 253|0x00000000efd00000, 0x00000000efd51bd0, 0x00000000efe00000| 31%| S|CS|TAMS 0x00000000efd00000| PB 0x00000000efd00000| Complete |  0
| 254|0x00000000efe00000, 0x00000000eff00000, 0x00000000eff00000|100%| E|CS|TAMS 0x00000000efe00000| PB 0x00000000efe00000| Complete |  0
| 255|0x00000000eff00000, 0x00000000f0000000, 0x00000000f0000000|100%| E|CS|TAMS 0x00000000eff00000| PB 0x00000000eff00000| Complete |  0

Card table byte_map: [0x000001f036cf0000,0x000001f036df0000] _byte_map_base: 0x000001f0365f0000

Marking Bits: (CMBitMap*) 0x000001f01ee8bf10
 Bits: [0x000001f036df0000, 0x000001f0375f0000)

Polling page: 0x000001f01ca10000

Metaspace:

Usage:
  Non-class:     38.99 MB used.
      Class:      6.73 MB used.
       Both:     45.72 MB used.

Virtual space:
  Non-class space:       64.00 MB reserved,      39.81 MB ( 62%) committed,  1 nodes.
      Class space:      320.00 MB reserved,       7.50 MB (  2%) committed,  1 nodes.
             Both:      384.00 MB reserved,      47.31 MB ( 12%) committed. 

Chunk freelists:
   Non-Class:  7.84 MB
       Class:  8.43 MB
        Both:  16.27 MB

MaxMetaspaceSize: 384.00 MB
CompressedClassSpaceSize: 320.00 MB
Initial GC threshold: 21.00 MB
Current GC threshold: 60.75 MB
CDS: on
 - commit_granule_bytes: 65536.
 - commit_granule_words: 8192.
 - virtual_space_node_default_size: 8388608.
 - enlarge_chunks_in_place: 1.
 - use_allocation_guard: 0.


Internal statistics:

num_allocs_failed_limit: 14.
num_arena_births: 2612.
num_arena_deaths: 0.
num_vsnodes_births: 2.
num_vsnodes_deaths: 0.
num_space_committed: 757.
num_space_uncommitted: 0.
num_chunks_returned_to_freelist: 14.
num_chunks_taken_from_freelist: 4614.
num_chunk_merges: 14.
num_chunk_splits: 3081.
num_chunks_enlarged: 2005.
num_inconsistent_stats: 0.

CodeHeap 'non-profiled nmethods': size=120064Kb used=2585Kb max_used=2585Kb free=117478Kb
 bounds [0x000001f02f050000, 0x000001f02f2e0000, 0x000001f036590000]
CodeHeap 'profiled nmethods': size=120000Kb used=8450Kb max_used=8450Kb free=111549Kb
 bounds [0x000001f027590000, 0x000001f027de0000, 0x000001f02eac0000]
CodeHeap 'non-nmethods': size=5696Kb used=1987Kb max_used=2028Kb free=3708Kb
 bounds [0x000001f02eac0000, 0x000001f02ed30000, 0x000001f02f050000]
CodeCache: size=245760Kb, used=13022Kb, max_used=13063Kb, free=232735Kb
 total_blobs=6433, nmethods=5671, adapters=666, full_count=0
Compilation: enabled, stopped_count=0, restarted_count=0

Compilation events (20 events):
Event: 69.388 Thread 0x000001f03a2a4cb0 5762       3       org.objectweb.asm.Type::getInternalName (12 bytes)
Event: 69.388 Thread 0x000001f03a2a4cb0 nmethod 5762 0x000001f027d37208 code [0x000001f027d37340, 0x000001f027d37550]
Event: 69.389 Thread 0x000001f03a2a3470 5763       4       org.objectweb.asm.ClassReader::readUtf (161 bytes)
Event: 69.389 Thread 0x000001f03a2a4cb0 5765   !   3       java.lang.String::replace (258 bytes)
Event: 69.392 Thread 0x000001f03a2a4cb0 nmethod 5765 0x000001f027d37588 code [0x000001f027d379c0, 0x000001f027d39c30]
Event: 69.392 Thread 0x000001f03a2a4cb0 5766   !   3       java.lang.StringLatin1::replace (291 bytes)
Event: 69.393 Thread 0x000001f03a2a4cb0 nmethod 5766 0x000001f027d39d08 code [0x000001f027d39fa0, 0x000001f027d3b0e8]
Event: 69.393 Thread 0x000001f03a2a4cb0 5768       1       org.objectweb.asm.Handle::getOwner (5 bytes)
Event: 69.393 Thread 0x000001f03a2a4cb0 nmethod 5768 0x000001f02f2a9a08 code [0x000001f02f2a9b20, 0x000001f02f2a9be8]
Event: 69.393 Thread 0x000001f03a2a4cb0 5767       1       java.util.stream.FindOps$FindOp::getOpFlags (5 bytes)
Event: 70.394 Thread 0x000001f03a2a4cb0 nmethod 5767 0x000001f02f2a9d08 code [0x000001f02f2a9e20, 0x000001f02f2a9ee8]
Event: 70.394 Thread 0x000001f03a2a4cb0 5769       3       org.objectweb.asm.ClassReader::readCode (5117 bytes)
Event: 70.401 Thread 0x000001f03a2a3470 nmethod 5763 0x000001f02f2aa008 code [0x000001f02f2aa140, 0x000001f02f2aa878]
Event: 70.401 Thread 0x000001f03a2a3470 5764       4       java.lang.String::<init> (14 bytes)
Event: 70.405 Thread 0x000001f03a2a3470 nmethod 5764 0x000001f02f2aa908 code [0x000001f02f2aaa40, 0x000001f02f2aaf70]
Event: 70.414 Thread 0x000001f03a2a4cb0 nmethod 5769 0x000001f027d3b188 code [0x000001f027d3c700, 0x000001f027d4d4b8]
Event: 70.414 Thread 0x000001f03a2a4cb0 5770       1       org.objectweb.asm.Handle::getDesc (5 bytes)
Event: 70.414 Thread 0x000001f03a2a4cb0 nmethod 5770 0x000001f02f2ab008 code [0x000001f02f2ab120, 0x000001f02f2ab1e8]
Event: 70.414 Thread 0x000001f03a2a4cb0 5771       1       org.objectweb.asm.Handle::getName (5 bytes)
Event: 70.414 Thread 0x000001f03a2a4cb0 nmethod 5771 0x000001f02f2ab308 code [0x000001f02f2ab420, 0x000001f02f2ab4e8]

GC Heap History (14 events):
Event: 49.296 GC heap before
{Heap before GC invocations=0 (full 0):
 garbage-first heap   total reserved 524288K, committed 262144K, used 27648K [0x00000000e0000000, 0x0000000100000000)
  region size 1024K, 24 young (24576K), 0 survivors (0K)
 Metaspace       used 3523K, committed 3648K, reserved 393216K
  class space    used 453K, committed 512K, reserved 327680K
}
Event: 49.315 GC heap after
{Heap after GC invocations=1 (full 0):
 garbage-first heap   total reserved 524288K, committed 262144K, used 11146K [0x00000000e0000000, 0x0000000100000000)
  region size 1024K, 3 young (3072K), 3 survivors (3072K)
 Metaspace       used 3523K, committed 3648K, reserved 393216K
  class space    used 453K, committed 512K, reserved 327680K
}
Event: 49.846 GC heap before
{Heap before GC invocations=1 (full 0):
 garbage-first heap   total reserved 524288K, committed 262144K, used 31626K [0x00000000e0000000, 0x0000000100000000)
  region size 1024K, 23 young (23552K), 3 survivors (3072K)
 Metaspace       used 4822K, committed 5120K, reserved 393216K
  class space    used 638K, committed 768K, reserved 327680K
}
Event: 49.849 GC heap after
{Heap after GC invocations=2 (full 0):
 garbage-first heap   total reserved 524288K, committed 262144K, used 12257K [0x00000000e0000000, 0x0000000100000000)
  region size 1024K, 1 young (1024K), 1 survivors (1024K)
 Metaspace       used 4822K, committed 5120K, reserved 393216K
  class space    used 638K, committed 768K, reserved 327680K
}
Event: 52.347 GC heap before
{Heap before GC invocations=2 (full 0):
 garbage-first heap   total reserved 524288K, committed 262144K, used 68577K [0x00000000e0000000, 0x0000000100000000)
  region size 1024K, 55 young (56320K), 1 survivors (1024K)
 Metaspace       used 12437K, committed 12800K, reserved 393216K
  class space    used 1693K, committed 1856K, reserved 327680K
}
Event: 52.356 GC heap after
{Heap after GC invocations=3 (full 0):
 garbage-first heap   total reserved 524288K, committed 262144K, used 20621K [0x00000000e0000000, 0x0000000100000000)
  region size 1024K, 7 young (7168K), 7 survivors (7168K)
 Metaspace       used 12437K, committed 12800K, reserved 393216K
  class space    used 1693K, committed 1856K, reserved 327680K
}
Event: 55.524 GC heap before
{Heap before GC invocations=3 (full 0):
 garbage-first heap   total reserved 524288K, committed 262144K, used 75917K [0x00000000e0000000, 0x0000000100000000)
  region size 1024K, 61 young (62464K), 7 survivors (7168K)
 Metaspace       used 20818K, committed 21504K, reserved 393216K
  class space    used 2994K, committed 3328K, reserved 327680K
}
Event: 55.541 GC heap after
{Heap after GC invocations=4 (full 0):
 garbage-first heap   total reserved 524288K, committed 262144K, used 25066K [0x00000000e0000000, 0x0000000100000000)
  region size 1024K, 4 young (4096K), 4 survivors (4096K)
 Metaspace       used 20818K, committed 21504K, reserved 393216K
  class space    used 2994K, committed 3328K, reserved 327680K
}
Event: 64.868 GC heap before
{Heap before GC invocations=5 (full 0):
 garbage-first heap   total reserved 524288K, committed 262144K, used 152042K [0x00000000e0000000, 0x0000000100000000)
  region size 1024K, 119 young (121856K), 4 survivors (4096K)
 Metaspace       used 35049K, committed 36416K, reserved 393216K
  class space    used 5277K, committed 5952K, reserved 327680K
}
Event: 64.928 GC heap after
{Heap after GC invocations=6 (full 0):
 garbage-first heap   total reserved 524288K, committed 262144K, used 43765K [0x00000000e0000000, 0x0000000100000000)
  region size 1024K, 12 young (12288K), 12 survivors (12288K)
 Metaspace       used 35049K, committed 36416K, reserved 393216K
  class space    used 5277K, committed 5952K, reserved 327680K
}
Event: 65.124 GC heap before
{Heap before GC invocations=6 (full 0):
 garbage-first heap   total reserved 524288K, committed 262144K, used 45813K [0x00000000e0000000, 0x0000000100000000)
  region size 1024K, 15 young (15360K), 12 survivors (12288K)
 Metaspace       used 35357K, committed 36736K, reserved 393216K
  class space    used 5323K, committed 6016K, reserved 327680K
}
Event: 65.134 GC heap after
{Heap after GC invocations=7 (full 0):
 garbage-first heap   total reserved 524288K, committed 262144K, used 44939K [0x00000000e0000000, 0x0000000100000000)
  region size 1024K, 2 young (2048K), 2 survivors (2048K)
 Metaspace       used 35357K, committed 36736K, reserved 393216K
  class space    used 5323K, committed 6016K, reserved 327680K
}
Event: 65.167 GC heap before
{Heap before GC invocations=7 (full 0):
 garbage-first heap   total reserved 524288K, committed 262144K, used 45963K [0x00000000e0000000, 0x0000000100000000)
  region size 1024K, 4 young (4096K), 2 survivors (2048K)
 Metaspace       used 35699K, committed 37056K, reserved 393216K
  class space    used 5343K, committed 6016K, reserved 327680K
}
Event: 65.169 GC heap after
{Heap after GC invocations=8 (full 0):
 garbage-first heap   total reserved 524288K, committed 262144K, used 43669K [0x00000000e0000000, 0x0000000100000000)
  region size 1024K, 1 young (1024K), 1 survivors (1024K)
 Metaspace       used 35699K, committed 37056K, reserved 393216K
  class space    used 5343K, committed 6016K, reserved 327680K
}

Dll operation events (15 events):
Event: 0.092 Loaded shared library C:\Users\Koliasik\.jdks\openjdk-23.0.2\bin\java.dll
Event: 0.131 Loaded shared library C:\Users\Koliasik\.jdks\openjdk-23.0.2\bin\jsvml.dll
Event: 0.220 Loaded shared library C:\Users\Koliasik\.jdks\openjdk-23.0.2\bin\zip.dll
Event: 0.224 Loaded shared library C:\Users\Koliasik\.jdks\openjdk-23.0.2\bin\instrument.dll
Event: 0.253 Loaded shared library C:\Users\Koliasik\.jdks\openjdk-23.0.2\bin\net.dll
Event: 0.283 Loaded shared library C:\Users\Koliasik\.jdks\openjdk-23.0.2\bin\nio.dll
Event: 0.286 Loaded shared library C:\Users\Koliasik\.jdks\openjdk-23.0.2\bin\zip.dll
Event: 2.086 Loaded shared library C:\Users\Koliasik\.jdks\openjdk-23.0.2\bin\jimage.dll
Event: 36.667 Loaded shared library C:\Users\Koliasik\.jdks\openjdk-23.0.2\bin\verify.dll
Event: 36.732 Loaded shared library C:\Users\Koliasik\.gradle\native\660c5614fbf4a5f2a75b1949f50a0caf5cd603558e7d8a26e50b933a0cfb79d1\windows-amd64\native-platform.dll
Event: 48.968 Loaded shared library C:\Users\Koliasik\.gradle\native\0.2.8\x86_64-windows-gnu\gradle-fileevents.dll
Event: 50.910 Loaded shared library C:\Users\Koliasik\.jdks\openjdk-23.0.2\bin\management.dll
Event: 50.978 Loaded shared library C:\Users\Koliasik\.jdks\openjdk-23.0.2\bin\management_ext.dll
Event: 51.283 Loaded shared library C:\Users\Koliasik\.jdks\openjdk-23.0.2\bin\extnet.dll
Event: 52.006 Loaded shared library C:\Users\Koliasik\.jdks\openjdk-23.0.2\bin\sunmscapi.dll

Deoptimization events (20 events):
Event: 69.139 Thread 0x000001f03a2ff780 Uncommon trap: trap_request=0xffffffde fr.pc=0x000001f02f211c38 relative=0x00000000000001f8
Event: 69.139 Thread 0x000001f03a2ff780 Uncommon trap: reason=class_check action=maybe_recompile pc=0x000001f02f211c38 method=java.util.regex.Pattern$BmpCharProperty.match(Ljava/util/regex/Matcher;ILjava/lang/CharSequence;)Z @ 19 c2
Event: 69.139 Thread 0x000001f03a2ff780 DEOPT PACKING pc=0x000001f02f211c38 sp=0x00000050346f45c0
Event: 69.139 Thread 0x000001f03a2ff780 DEOPT UNPACKING pc=0x000001f02eb14402 sp=0x00000050346f4578 mode 2
Event: 69.139 Thread 0x000001f03a2ff780 Uncommon trap: trap_request=0xffffffde fr.pc=0x000001f02f233f50 relative=0x0000000000002bb0
Event: 69.139 Thread 0x000001f03a2ff780 Uncommon trap: reason=class_check action=maybe_recompile pc=0x000001f02f233f50 method=java.util.regex.Pattern$BmpCharProperty.match(Ljava/util/regex/Matcher;ILjava/lang/CharSequence;)Z @ 19 c2
Event: 69.139 Thread 0x000001f03a2ff780 DEOPT PACKING pc=0x000001f02f233f50 sp=0x00000050346f4760
Event: 69.139 Thread 0x000001f03a2ff780 DEOPT UNPACKING pc=0x000001f02eb14402 sp=0x00000050346f4578 mode 2
Event: 69.164 Thread 0x000001f03a2ff780 Uncommon trap: trap_request=0xffffffde fr.pc=0x000001f02f07492c relative=0x00000000000005ec
Event: 69.164 Thread 0x000001f03a2ff780 Uncommon trap: reason=class_check action=maybe_recompile pc=0x000001f02f07492c method=java.util.regex.Pattern$BmpCharProperty.match(Ljava/util/regex/Matcher;ILjava/lang/CharSequence;)Z @ 19 c2
Event: 69.164 Thread 0x000001f03a2ff780 DEOPT PACKING pc=0x000001f02f07492c sp=0x00000050346f4700
Event: 69.164 Thread 0x000001f03a2ff780 DEOPT UNPACKING pc=0x000001f02eb14402 sp=0x00000050346f4570 mode 2
Event: 69.185 Thread 0x000001f03a2ff780 Uncommon trap: trap_request=0xffffffde fr.pc=0x000001f02f071ca4 relative=0x0000000000000584
Event: 69.185 Thread 0x000001f03a2ff780 Uncommon trap: reason=class_check action=maybe_recompile pc=0x000001f02f071ca4 method=java.util.regex.Pattern$BmpCharProperty.match(Ljava/util/regex/Matcher;ILjava/lang/CharSequence;)Z @ 19 c2
Event: 69.185 Thread 0x000001f03a2ff780 DEOPT PACKING pc=0x000001f02f071ca4 sp=0x00000050346f4690
Event: 69.185 Thread 0x000001f03a2ff780 DEOPT UNPACKING pc=0x000001f02eb14402 sp=0x00000050346f4578 mode 2
Event: 69.188 Thread 0x000001f03a2ff780 Uncommon trap: trap_request=0xffffffde fr.pc=0x000001f02f0f6154 relative=0x00000000000004d4
Event: 69.188 Thread 0x000001f03a2ff780 Uncommon trap: reason=class_check action=maybe_recompile pc=0x000001f02f0f6154 method=java.util.regex.Pattern$BmpCharProperty.match(Ljava/util/regex/Matcher;ILjava/lang/CharSequence;)Z @ 19 c2
Event: 69.188 Thread 0x000001f03a2ff780 DEOPT PACKING pc=0x000001f02f0f6154 sp=0x00000050346f4610
Event: 69.188 Thread 0x000001f03a2ff780 DEOPT UNPACKING pc=0x000001f02eb14402 sp=0x00000050346f4578 mode 2

Classes loaded (20 events):
Event: 69.285 Loading class com/sun/beans/introspect/PropertyInfo
Event: 69.286 Loading class com/sun/beans/introspect/PropertyInfo done
Event: 69.286 Loading class java/beans/PropertyVetoException
Event: 69.286 Loading class java/beans/PropertyVetoException done
Event: 69.287 Loading class com/sun/beans/WildcardTypeImpl
Event: 69.287 Loading class com/sun/beans/WildcardTypeImpl done
Event: 69.288 Loading class java/beans/BeanProperty
Event: 69.289 Loading class java/beans/BeanProperty done
Event: 69.289 Loading class com/sun/beans/introspect/PropertyInfo$Name
Event: 69.289 Loading class com/sun/beans/introspect/PropertyInfo$Name done
Event: 69.290 Loading class java/beans/IndexedPropertyDescriptor
Event: 69.291 Loading class java/beans/IndexedPropertyDescriptor done
Event: 69.291 Loading class java/beans/GenericBeanInfo
Event: 69.292 Loading class java/beans/GenericBeanInfo done
Event: 69.295 Loading class java/util/Hashtable$EntrySet
Event: 69.295 Loading class java/util/Hashtable$EntrySet done
Event: 69.312 Loading class java/util/EventObject
Event: 69.312 Loading class java/util/EventObject done
Event: 69.321 Loading class sun/nio/ch/ChannelInputStream
Event: 69.322 Loading class sun/nio/ch/ChannelInputStream done

Classes unloaded (0 events):
No events

Classes redefined (0 events):
No events

Internal exceptions (20 events):
Event: 68.264 Thread 0x000001f03a2ff780 Implicit null exception at 0x000001f02f202588 to 0x000001f02f2028e4
Event: 68.264 Thread 0x000001f03a2ff780 Implicit null exception at 0x000001f02f220bff to 0x000001f02f221254
Event: 68.264 Thread 0x000001f03a2ff780 Exception <a 'java/lang/NoSuchMethodError'{0x00000000eb725b18}: 'java.lang.Class[] java.lang.Class.getPermittedSubclasses(java.lang.Class)'> (0x00000000eb725b18) 
thrown [s\open\src\hotspot\share\interpreter\linkResolver.cpp, line 796]
Event: 68.270 Thread 0x000001f03a2ff780 Exception <a 'java/lang/NoSuchMethodError'{0x00000000eb73aca8}: 'int java.lang.invoke.Invokers$Holder.invokeExact_MT(java.lang.Object, java.lang.Object, java.lang.Object)'> (0x00000000eb73aca8) 
thrown [s\open\src\hotspot\share\interpreter\linkResolver.cpp, line 796]
Event: 68.601 Thread 0x000001f03a2ff780 Exception <a 'java/lang/NoSuchMethodError'{0x00000000eb226fb0}: 'int java.lang.invoke.DirectMethodHandle$Holder.invokeStatic(java.lang.Object, int, java.lang.Object, java.lang.Object)'> (0x00000000eb226fb0) 
thrown [s\open\src\hotspot\share\interpreter\linkResolver.cpp, line 796]
Event: 69.098 Thread 0x000001f03a2ff780 Exception <a 'java/lang/NoSuchMethodError'{0x00000000ea57bc18}: 'java.lang.reflect.Method[] java.lang.Class.getDeclaredMethods(java.lang.Class)'> (0x00000000ea57bc18) 
thrown [s\open\src\hotspot\share\interpreter\linkResolver.cpp, line 796]
Event: 69.273 Thread 0x000001f03a2ff780 Exception <a 'java/lang/ClassNotFoundException'{0x00000000ea07ca88}: groovy/lang/ExpandoMetaClassBeanInfo> (0x00000000ea07ca88) 
thrown [s\open\src\hotspot\share\classfile\systemDictionary.cpp, line 313]
Event: 69.274 Thread 0x000001f03a2ff780 Exception <a 'java/lang/ClassNotFoundException'{0x00000000ea08d060}: groovy/lang/MetaClassImplBeanInfo> (0x00000000ea08d060) 
thrown [s\open\src\hotspot\share\classfile\systemDictionary.cpp, line 313]
Event: 69.275 Thread 0x000001f03a2ff780 Exception <a 'java/lang/ClassNotFoundException'{0x00000000ea095f30}: java/lang/ObjectBeanInfo> (0x00000000ea095f30) 
thrown [s\open\src\hotspot\share\classfile\systemDictionary.cpp, line 313]
Event: 69.276 Thread 0x000001f03a2ff780 Exception <a 'java/lang/ClassNotFoundException'{0x00000000ea09f408}: java/lang/ObjectCustomizer> (0x00000000ea09f408) 
thrown [s\open\src\hotspot\share\classfile\systemDictionary.cpp, line 313]
Event: 69.283 Thread 0x000001f03a2ff780 Exception <a 'java/lang/IncompatibleClassChangeError'{0x00000000ea0ae838}: Found class java.lang.Object, but interface was expected> (0x00000000ea0ae838) 
thrown [s\open\src\hotspot\share\interpreter\linkResolver.cpp, line 863]
Event: 69.293 Thread 0x000001f03a2ff780 Exception <a 'java/lang/ClassNotFoundException'{0x00000000ea0d0bf0}: groovy/lang/MetaClassImplCustomizer> (0x00000000ea0d0bf0) 
thrown [s\open\src\hotspot\share\classfile\systemDictionary.cpp, line 313]
Event: 69.297 Thread 0x000001f03a2ff780 Exception <a 'java/lang/ClassNotFoundException'{0x00000000e9f02110}: groovy/lang/ExpandoMetaClassCustomizer> (0x00000000e9f02110) 
thrown [s\open\src\hotspot\share\classfile\systemDictionary.cpp, line 313]
Event: 69.318 Thread 0x000001f03a2ff780 Exception <a 'sun/nio/fs/WindowsException'{0x00000000e9f7cee0}> (0x00000000e9f7cee0) 
thrown [s\open\src\hotspot\share\prims\jni.cpp, line 520]
Event: 69.319 Thread 0x000001f03a2ff780 Exception <a 'sun/nio/fs/WindowsException'{0x00000000e9f7eb00}> (0x00000000e9f7eb00) 
thrown [s\open\src\hotspot\share\prims\jni.cpp, line 520]
Event: 69.376 Thread 0x000001f03a2ff780 Exception <a 'sun/nio/fs/WindowsException'{0x00000000e9ecf7f0}> (0x00000000e9ecf7f0) 
thrown [s\open\src\hotspot\share\prims\jni.cpp, line 520]
Event: 69.383 Thread 0x000001f03a2ff780 Exception <a 'sun/nio/fs/WindowsException'{0x00000000e9edea48}> (0x00000000e9edea48) 
thrown [s\open\src\hotspot\share\prims\jni.cpp, line 520]
Event: 69.390 Thread 0x000001f03a2ff780 Exception <a 'sun/nio/fs/WindowsException'{0x00000000e9eee008}> (0x00000000e9eee008) 
thrown [s\open\src\hotspot\share\prims\jni.cpp, line 520]
Event: 69.394 Thread 0x000001f03a2ff780 Exception <a 'sun/nio/fs/WindowsException'{0x00000000e9efd5e0}> (0x00000000e9efd5e0) 
thrown [s\open\src\hotspot\share\prims\jni.cpp, line 520]
Event: 70.395 Thread 0x000001f03a2ff780 Exception <a 'sun/nio/fs/WindowsException'{0x00000000e9d09320}> (0x00000000e9d09320) 
thrown [s\open\src\hotspot\share\prims\jni.cpp, line 520]

VM Operations (20 events):
Event: 66.547 Executing VM operation: HandshakeAllThreads (Deoptimize)
Event: 66.547 Executing VM operation: HandshakeAllThreads (Deoptimize) done
Event: 66.610 Executing VM operation: HandshakeAllThreads (Deoptimize)
Event: 66.610 Executing VM operation: HandshakeAllThreads (Deoptimize) done
Event: 68.156 Executing VM operation: HandshakeAllThreads (Deoptimize)
Event: 68.156 Executing VM operation: HandshakeAllThreads (Deoptimize) done
Event: 68.478 Executing VM operation: HandshakeAllThreads (Deoptimize)
Event: 68.478 Executing VM operation: HandshakeAllThreads (Deoptimize) done
Event: 68.754 Executing VM operation: HandshakeAllThreads (Deoptimize)
Event: 68.754 Executing VM operation: HandshakeAllThreads (Deoptimize) done
Event: 68.788 Executing VM operation: HandshakeAllThreads (Deoptimize)
Event: 68.789 Executing VM operation: HandshakeAllThreads (Deoptimize) done
Event: 68.873 Executing VM operation: HandshakeAllThreads (Deoptimize)
Event: 68.873 Executing VM operation: HandshakeAllThreads (Deoptimize) done
Event: 69.083 Executing VM operation: HandshakeAllThreads (Deoptimize)
Event: 69.083 Executing VM operation: HandshakeAllThreads (Deoptimize) done
Event: 69.193 Executing VM operation: HandshakeAllThreads (Deoptimize)
Event: 69.194 Executing VM operation: HandshakeAllThreads (Deoptimize) done
Event: 69.228 Executing VM operation: HandshakeAllThreads (Deoptimize)
Event: 69.228 Executing VM operation: HandshakeAllThreads (Deoptimize) done

Memory protections (0 events):
No events

Nmethod flushes (20 events):
Event: 65.186 Thread 0x000001f03a2723b0 flushing  nmethod 0x000001f027689388
Event: 65.186 Thread 0x000001f03a2723b0 flushing  nmethod 0x000001f0276e5b88
Event: 65.186 Thread 0x000001f03a2723b0 flushing  nmethod 0x000001f0276e5e88
Event: 65.186 Thread 0x000001f03a2723b0 flushing  nmethod 0x000001f027736208
Event: 65.186 Thread 0x000001f03a2723b0 flushing  nmethod 0x000001f027736808
Event: 65.186 Thread 0x000001f03a2723b0 flushing  nmethod 0x000001f02773b888
Event: 65.186 Thread 0x000001f03a2723b0 flushing  nmethod 0x000001f027914308
Event: 65.186 Thread 0x000001f03a2723b0 flushing  nmethod 0x000001f027971d08
Event: 65.186 Thread 0x000001f03a2723b0 flushing  nmethod 0x000001f0276b3f08
Event: 65.186 Thread 0x000001f03a2723b0 flushing  nmethod 0x000001f0276e8f88
Event: 65.186 Thread 0x000001f03a2723b0 flushing  nmethod 0x000001f0276eac88
Event: 65.186 Thread 0x000001f03a2723b0 flushing  nmethod 0x000001f02776df08
Event: 65.186 Thread 0x000001f03a2723b0 flushing  nmethod 0x000001f0277b8b88
Event: 65.186 Thread 0x000001f03a2723b0 flushing  nmethod 0x000001f0277b9408
Event: 65.186 Thread 0x000001f03a2723b0 flushing  nmethod 0x000001f0277b9f08
Event: 65.186 Thread 0x000001f03a2723b0 flushing  nmethod 0x000001f0277bb788
Event: 65.186 Thread 0x000001f03a2723b0 flushing  nmethod 0x000001f0277bc008
Event: 65.186 Thread 0x000001f03a2723b0 flushing  nmethod 0x000001f0277d7908
Event: 65.186 Thread 0x000001f03a2723b0 flushing  nmethod 0x000001f0278e5e88
Event: 65.186 Thread 0x000001f03a2723b0 flushing  nmethod 0x000001f0278e6188

Events (20 events):
Event: 58.655 Thread 0x000001f03a2ff780 Thread added: 0x000001f056877130
Event: 58.655 Thread 0x000001f03a2ff780 Thread added: 0x000001f056875060
Event: 62.111 Thread 0x000001f03a2a4cb0 Thread added: 0x000001f03a2a8330
Event: 62.315 Thread 0x000001f03a2a8330 Thread exited: 0x000001f03a2a8330
Event: 62.848 Thread 0x000001f03a2ff780 Thread added: 0x000001f056878b70
Event: 62.986 Thread 0x000001f03a2ff780 Thread added: 0x000001f0568756f0
Event: 63.838 Thread 0x000001f03a2ff780 Thread added: 0x000001f05687b2d0
Event: 63.934 Thread 0x000001f03a2ff780 Thread added: 0x000001f05687b960
Event: 65.219 Thread 0x000001f03a2a4cb0 Thread added: 0x000001f03a2a7590
Event: 65.220 Thread 0x000001f03a2a4cb0 Thread added: 0x000001f03a2a5380
Event: 65.495 Thread 0x000001f03a2a7590 Thread exited: 0x000001f03a2a7590
Event: 65.495 Thread 0x000001f03a2a5380 Thread exited: 0x000001f03a2a5380
Event: 65.929 Thread 0x000001f03a2a4cb0 Thread added: 0x000001f03a2a5a50
Event: 65.939 Thread 0x000001f03a2a4cb0 Thread added: 0x000001f03a2a5380
Event: 67.923 Thread 0x000001f03a2a5380 Thread exited: 0x000001f03a2a5380
Event: 67.923 Thread 0x000001f03a2a5a50 Thread exited: 0x000001f03a2a5a50
Event: 68.007 Thread 0x000001f03a2ff780 Thread added: 0x000001f056879890
Event: 68.136 Thread 0x000001f03a2a4cb0 Thread added: 0x000001f03a2a7590
Event: 68.139 Thread 0x000001f03a2a4cb0 Thread added: 0x000001f03a2a5380
Event: 68.380 Thread 0x000001f03a2a5380 Thread exited: 0x000001f03a2a5380


Dynamic libraries:
0x00007ff705890000 - 0x00007ff70589e000 	C:\Users\Koliasik\.jdks\openjdk-23.0.2\bin\java.exe
0x00007ffb5e9c0000 - 0x00007ffb5ec27000 	C:\WINDOWS\SYSTEM32\ntdll.dll
0x00007ffb5cbd0000 - 0x00007ffb5cc99000 	C:\WINDOWS\System32\KERNEL32.DLL
0x00007ffb5b340000 - 0x00007ffb5b734000 	C:\WINDOWS\System32\KERNELBASE.dll
0x00007ffb5c380000 - 0x00007ffb5c4cb000 	C:\WINDOWS\System32\ucrtbase.dll
0x00007ffb52450000 - 0x00007ffb52467000 	C:\Users\Koliasik\.jdks\openjdk-23.0.2\bin\jli.dll
0x00007ffb5c8a0000 - 0x00007ffb5ca65000 	C:\WINDOWS\System32\USER32.dll
0x00007ffb5bfb0000 - 0x00007ffb5bfd7000 	C:\WINDOWS\System32\win32u.dll
0x00007ffb5e4a0000 - 0x00007ffb5e4cb000 	C:\WINDOWS\System32\GDI32.dll
0x00007ffb5c4d0000 - 0x00007ffb5c5fb000 	C:\WINDOWS\System32\gdi32full.dll
0x00007ffb5c150000 - 0x00007ffb5c1f3000 	C:\WINDOWS\System32\msvcp_win.dll
0x00007ffb24860000 - 0x00007ffb2487b000 	C:\Users\Koliasik\.jdks\openjdk-23.0.2\bin\VCRUNTIME140.dll
0x00007ffb5a390000 - 0x00007ffb5a623000 	C:\WINDOWS\WinSxS\amd64_microsoft.windows.common-controls_6595b64144ccf1df_6.0.26100.8115_none_3e075c82e3354f9c\COMCTL32.dll
0x00007ffb5ca70000 - 0x00007ffb5cb19000 	C:\WINDOWS\System32\msvcrt.dll
0x00007ffb5d850000 - 0x00007ffb5d882000 	C:\WINDOWS\System32\IMM32.DLL
0x00007ffb2d730000 - 0x00007ffb2d73c000 	C:\Users\Koliasik\.jdks\openjdk-23.0.2\bin\vcruntime140_1.dll
0x00007ffa69d70000 - 0x00007ffa69dfe000 	C:\Users\Koliasik\.jdks\openjdk-23.0.2\bin\msvcp140.dll
0x00007ffa5a2c0000 - 0x00007ffa5b010000 	C:\Users\Koliasik\.jdks\openjdk-23.0.2\bin\server\jvm.dll
0x00007ffb5e8b0000 - 0x00007ffb5e966000 	C:\WINDOWS\System32\ADVAPI32.dll
0x00007ffb5d7a0000 - 0x00007ffb5d847000 	C:\WINDOWS\System32\sechost.dll
0x00007ffb5e520000 - 0x00007ffb5e638000 	C:\WINDOWS\System32\RPCRT4.dll
0x00007ffb5e820000 - 0x00007ffb5e8a0000 	C:\WINDOWS\System32\WS2_32.dll
0x00007ffb5b0f0000 - 0x00007ffb5b14e000 	C:\WINDOWS\SYSTEM32\POWRPROF.dll
0x00007ffb4ec20000 - 0x00007ffb4ec56000 	C:\WINDOWS\SYSTEM32\WINMM.dll
0x00007ffb52060000 - 0x00007ffb5206b000 	C:\WINDOWS\SYSTEM32\VERSION.dll
0x00007ffb5b0d0000 - 0x00007ffb5b0e4000 	C:\WINDOWS\SYSTEM32\UMPDC.dll
0x00007ffb596f0000 - 0x00007ffb5970b000 	C:\WINDOWS\SYSTEM32\kernel.appcore.dll
0x00007ffb2d390000 - 0x00007ffb2d39a000 	C:\Users\Koliasik\.jdks\openjdk-23.0.2\bin\jimage.dll
0x00007ffb5aa60000 - 0x00007ffb5aca2000 	C:\WINDOWS\SYSTEM32\DBGHELP.DLL
0x00007ffb5cca0000 - 0x00007ffb5d022000 	C:\WINDOWS\System32\combase.dll
0x00007ffb5e000000 - 0x00007ffb5e0d8000 	C:\WINDOWS\System32\OLEAUT32.dll
0x00007ffb5a770000 - 0x00007ffb5a7ab000 	C:\WINDOWS\SYSTEM32\dbgcore.DLL
0x00007ffb5b290000 - 0x00007ffb5b335000 	C:\WINDOWS\System32\bcryptPrimitives.dll
0x00007ffb2cf80000 - 0x00007ffb2cf8f000 	C:\Users\Koliasik\.jdks\openjdk-23.0.2\bin\instrument.dll
0x00007ffb1e200000 - 0x00007ffb1e21e000 	C:\Users\Koliasik\.jdks\openjdk-23.0.2\bin\java.dll
0x00007ffb5e1e0000 - 0x00007ffb5e377000 	C:\WINDOWS\System32\ole32.dll
0x00007ffb5d890000 - 0x00007ffb5dff7000 	C:\WINDOWS\System32\SHELL32.dll
0x00007ffb5bfe0000 - 0x00007ffb5c14a000 	C:\WINDOWS\System32\wintypes.dll
0x00007ffb5b740000 - 0x00007ffb5bfa8000 	C:\WINDOWS\System32\windows.storage.dll
0x00007ffb5e0e0000 - 0x00007ffb5e1d8000 	C:\WINDOWS\System32\SHCORE.dll
0x00007ffb5d190000 - 0x00007ffb5d1f6000 	C:\WINDOWS\System32\shlwapi.dll
0x00007ffb5b1b0000 - 0x00007ffb5b1d9000 	C:\WINDOWS\SYSTEM32\profapi.dll
0x00007ffa5da30000 - 0x00007ffa5db07000 	C:\Users\Koliasik\.jdks\openjdk-23.0.2\bin\jsvml.dll
0x00007ffaeb140000 - 0x00007ffaeb157000 	C:\Users\Koliasik\.jdks\openjdk-23.0.2\bin\zip.dll
0x00007ffb2c7f0000 - 0x00007ffb2c800000 	C:\Users\Koliasik\.jdks\openjdk-23.0.2\bin\net.dll
0x00007ffb59c60000 - 0x00007ffb59ccc000 	C:\WINDOWS\system32\mswsock.dll
0x00007ffae0c20000 - 0x00007ffae0c36000 	C:\Users\Koliasik\.jdks\openjdk-23.0.2\bin\nio.dll
0x00007ffb2a2a0000 - 0x00007ffb2a2b0000 	C:\Users\Koliasik\.jdks\openjdk-23.0.2\bin\verify.dll
0x00007ffae0150000 - 0x00007ffae0177000 	C:\Users\Koliasik\.gradle\native\660c5614fbf4a5f2a75b1949f50a0caf5cd603558e7d8a26e50b933a0cfb79d1\windows-amd64\native-platform.dll
0x00007ffa59e80000 - 0x00007ffa59ef7000 	C:\Users\Koliasik\.gradle\native\0.2.8\x86_64-windows-gnu\gradle-fileevents.dll
0x00007ffb24bf0000 - 0x00007ffb24bfa000 	C:\Users\Koliasik\.jdks\openjdk-23.0.2\bin\management.dll
0x00007ffb24370000 - 0x00007ffb2437b000 	C:\Users\Koliasik\.jdks\openjdk-23.0.2\bin\management_ext.dll
0x00007ffb5cbc0000 - 0x00007ffb5cbc8000 	C:\WINDOWS\System32\PSAPI.DLL
0x00007ffb590e0000 - 0x00007ffb59112000 	C:\WINDOWS\SYSTEM32\IPHLPAPI.DLL
0x00007ffb5d690000 - 0x00007ffb5d69a000 	C:\WINDOWS\System32\NSI.dll
0x00007ffb24180000 - 0x00007ffb24189000 	C:\Users\Koliasik\.jdks\openjdk-23.0.2\bin\extnet.dll
0x00007ffb5adb0000 - 0x00007ffb5adcb000 	C:\WINDOWS\SYSTEM32\CRYPTSP.dll
0x00007ffb59c20000 - 0x00007ffb59c59000 	C:\WINDOWS\system32\rsaenh.dll
0x00007ffb59d10000 - 0x00007ffb59d43000 	C:\WINDOWS\SYSTEM32\USERENV.dll
0x00007ffb5b180000 - 0x00007ffb5b1aa000 	C:\WINDOWS\SYSTEM32\bcrypt.dll
0x00007ffb5a240000 - 0x00007ffb5a24c000 	C:\WINDOWS\SYSTEM32\CRYPTBASE.dll
0x00007ffb20ed0000 - 0x00007ffb20ede000 	C:\Users\Koliasik\.jdks\openjdk-23.0.2\bin\sunmscapi.dll
0x00007ffb5c200000 - 0x00007ffb5c377000 	C:\WINDOWS\System32\CRYPT32.dll
0x00007ffb5a350000 - 0x00007ffb5a380000 	C:\WINDOWS\SYSTEM32\ncrypt.dll
0x00007ffb5a300000 - 0x00007ffb5a33f000 	C:\WINDOWS\SYSTEM32\NTASN1.dll
0x00007ffb29ea0000 - 0x00007ffb29ea8000 	C:\WINDOWS\system32\wshunix.dll
0x00007ffb5aa00000 - 0x00007ffb5aa36000 	C:\WINDOWS\SYSTEM32\ntmarta.dll

dbghelp: loaded successfully - version: 4.0.5 - missing functions: none
symbol engine: initialized successfully - sym options: 0x614 - pdb path: .;C:\Users\Koliasik\.jdks\openjdk-23.0.2\bin;C:\WINDOWS\SYSTEM32;C:\WINDOWS\WinSxS\amd64_microsoft.windows.common-controls_6595b64144ccf1df_6.0.26100.8115_none_3e075c82e3354f9c;C:\Users\Koliasik\.jdks\openjdk-23.0.2\bin\server;C:\Users\Koliasik\.gradle\native\660c5614fbf4a5f2a75b1949f50a0caf5cd603558e7d8a26e50b933a0cfb79d1\windows-amd64;C:\Users\Koliasik\.gradle\native\0.2.8\x86_64-windows-gnu

VM Arguments:
jvm_args: --add-opens=java.base/java.lang=ALL-UNNAMED --add-opens=java.base/java.lang.invoke=ALL-UNNAMED --add-opens=java.base/java.util=ALL-UNNAMED --add-opens=java.prefs/java.util.prefs=ALL-UNNAMED --add-exports=jdk.compiler/com.sun.tools.javac.api=ALL-UNNAMED --add-exports=jdk.compiler/com.sun.tools.javac.util=ALL-UNNAMED --add-opens=java.base/java.util=ALL-UNNAMED --add-opens=java.prefs/java.util.prefs=ALL-UNNAMED --add-opens=java.base/java.nio.charset=ALL-UNNAMED --add-opens=java.base/java.net=ALL-UNNAMED --add-opens=java.base/java.util.concurrent=ALL-UNNAMED --add-opens=java.base/java.util.concurrent.atomic=ALL-UNNAMED --add-opens=java.xml/javax.xml.namespace=ALL-UNNAMED --add-opens=java.base/java.time=ALL-UNNAMED -XX:MaxMetaspaceSize=384m -XX:+HeapDumpOnOutOfMemoryError -Xms256m -Xmx512m -Dfile.encoding=UTF-8 -Duser.country=RU -Duser.language=ru -Duser.variant -javaagent:C:\Users\Koliasik\.gradle\wrapper\dists\gradle-9.4.1-bin\arn2x92ynaizyzdaamcbpbhtj\gradle-9.4.1\lib\agents\gradle-instrumentation-agent-9.4.1.jar 
java_command: org.gradle.launcher.daemon.bootstrap.GradleDaemon 9.4.1
java_class_path (initial): C:\Users\Koliasik\.gradle\wrapper\dists\gradle-9.4.1-bin\arn2x92ynaizyzdaamcbpbhtj\gradle-9.4.1\lib\gradle-daemon-main-9.4.1.jar
Launcher Type: SUN_STANDARD

[Global flags]
     intx CICompilerCount                          = 4                                         {product} {ergonomic}
   size_t CompressedClassSpaceSize                 = 335544320                                 {product} {ergonomic}
     uint ConcGCThreads                            = 3                                         {product} {ergonomic}
     uint G1ConcRefinementThreads                  = 10                                        {product} {ergonomic}
   size_t G1HeapRegionSize                         = 1048576                                   {product} {ergonomic}
     bool HeapDumpOnOutOfMemoryError               = true                                   {manageable} {command line}
   size_t InitialHeapSize                          = 268435456                                 {product} {command line}
   size_t MarkStackSize                            = 4194304                                   {product} {ergonomic}
   size_t MarkStackSizeMax                         = 536870912                                 {product} {ergonomic}
   size_t MaxHeapSize                              = 536870912                                 {product} {command line}
   size_t MaxMetaspaceSize                         = 402653184                                 {product} {command line}
   size_t MaxNewSize                               = 321912832                                 {product} {ergonomic}
   size_t MinHeapDeltaBytes                        = 1048576                                   {product} {ergonomic}
   size_t MinHeapSize                              = 268435456                                 {product} {command line}
    uintx NonNMethodCodeHeapSize                   = 5832704                                {pd product} {ergonomic}
    uintx NonProfiledCodeHeapSize                  = 122945536                              {pd product} {ergonomic}
    uintx ProfiledCodeHeapSize                     = 122880000                              {pd product} {ergonomic}
    uintx ReservedCodeCacheSize                    = 251658240                              {pd product} {ergonomic}
     bool SegmentedCodeCache                       = true                                      {product} {ergonomic}
   size_t SoftMaxHeapSize                          = 536870912                              {manageable} {ergonomic}
     bool UseCompressedOops                        = true                           {product lp64_product} {ergonomic}
     bool UseG1GC                                  = true                                      {product} {ergonomic}
     bool UseLargePagesIndividualAllocation        = false                                  {pd product} {ergonomic}

Logging:
Log output configuration:
 #0: stdout all=warning uptime,level,tags foldmultilines=false
 #1: stderr all=off uptime,level,tags foldmultilines=false

Environment Variables:
PATH=C:\Program Files (x86)\NVIDIA Corporation\PhysX\Common;C:\Windows\system32;C:\Windows;C:\Windows\System32\Wbem;C:\Windows\System32\WindowsPowerShell\v1.0\;C:\Windows\System32\OpenSSH\;C:\Program Files\NVIDIA Corporation\NVIDIA NvDLISR;C:\WINDOWS\system32;C:\WINDOWS;C:\WINDOWS\System32\Wbem;C:\WINDOWS\System32\WindowsPowerShell\v1.0\;C:\WINDOWS\System32\OpenSSH\;C:\Program Files\dotnet\;C:\Program Files\MATLAB\R2024a\runtime\win64;C:\Program Files\MATLAB\R2024a\bin;C:\Program Files\AmneziaWG\;C:\Program Files\WireGuard\;C:\Program Files (x86)\Windows Kits\8.1\Windows Performance Toolkit\;C:\Program Files\Microsoft SQL Server\Client SDK\ODBC\110\Tools\Binn\;C:\Program Files (x86)\Microsoft SQL Server\120\Tools\Binn\;C:\Program Files\Microsoft SQL Server\120\Tools\Binn\;C:\Program Files\Microsoft SQL Server\120\DTS\Binn\;C:\Program Files\Orca3D V2;C:\Program Files\Orca3D V3;C:\Program Files\Git\cmd;C:\Program Files (x86)\Windows Kits\10\Windows Performance Toolkit\;C:\Users\Koliasik\AppData\Local\Programs\Python\Python313\Scripts\;C:\Users\Koliasik\AppData\Local\Programs\Python\Python313\;C:\Users\Koliasik\AppData\Local\Programs\Python\Launcher\;C:\Users\Koliasik\AppData\Local\Microsoft\WindowsApps;C:\Users\Koliasik\AppData\Local\Programs\MiKTeX\miktex\bin\x64\;C:\Program Files\JetBrains\PyCharm Community Edition 2023.3.2\bin;;C:\Program Files\JetBrains\IntelliJ IDEA Community Edition 2024.3.2.2\bin;;
USERNAME=Koliasik
OS=Windows_NT
PROCESSOR_IDENTIFIER=AMD64 Family 23 Model 96 Stepping 1, AuthenticAMD
TMP=C:\Users\Koliasik\AppData\Local\Temp
TEMP=C:\Users\Koliasik\AppData\Local\Temp




Periodic native trim disabled

---------------  S Y S T E M  ---------------

OS:
 Windows 11 , 64 bit Build 26100 (10.0.26100.8246)
OS uptime: 5 days 22:04 hours
Hyper-V role detected

CPU: total 12 (initial active 12) (12 cores per cpu, 2 threads per core) family 23 model 96 stepping 1 microcode 0x8600104, cx8, cmov, fxsr, ht, mmx, 3dnowpref, sse, sse2, sse3, ssse3, sse4a, sse4.1, sse4.2, popcnt, lzcnt, tsc, tscinvbit, avx, avx2, aes, clmul, bmi1, bmi2, adx, sha, fma, vzeroupper, clflush, clflushopt, hv, rdtscp, rdpid, f16c
Processor Information for the first 12 processors :
  Max Mhz: 3000, Current Mhz: 3000, Mhz Limit: 3000

Memory: 4k page, system-wide physical 7549M (898M free)
TotalPageFile size 31101M (AvailPageFile size 27M)
current process WorkingSet (physical memory assigned to process): 320M, peak: 329M
current process commit charge ("private bytes"): 490M, peak: 490M

vm_info: OpenJDK 64-Bit Server VM (23.0.2+7-58) for windows-amd64 JRE (23.0.2+7-58), built on 2024-11-29T09:34:55Z with MS VC++ 17.6 (VS2022)

END.
